c:\tools\src\aprutil\libr\aprutil-1.pdb
c:\tools\src\aprutil\libr\getuuid.obj
c:\tools\src\aprutil\libr\crypt_blowfish.obj
c:\tools\src\aprutil\libr\apr_sha1.obj
c:\tools\src\aprutil\libr\apr_passwd.obj
c:\tools\src\aprutil\libr\apr_md5.obj
c:\tools\src\aprutil\libr\apr_md4.obj
c:\tools\src\aprutil\libr\apr_crypto.obj
c:\tools\src\aprutil\libr\apr_buckets_socket.obj
c:\tools\src\aprutil\libr\apr_buckets_simple.obj
c:\tools\src\aprutil\libr\apr_buckets_refcount.obj
c:\tools\src\aprutil\libr\apr_buckets_pool.obj
c:\tools\src\aprutil\libr\apr_buckets_pipe.obj
c:\tools\src\aprutil\libr\apr_buckets_mmap.obj
c:\tools\src\aprutil\libr\apr_buckets_heap.obj
c:\tools\src\aprutil\libr\apr_buckets_flush.obj
c:\tools\src\aprutil\libr\apr_buckets_file.obj
c:\tools\src\aprutil\libr\apr_buckets_eos.obj
c:\tools\src\aprutil\libr\apr_buckets_alloc.obj
c:\tools\src\aprutil\libr\apr_buckets.obj
c:\tools\src\aprutil\libr\apr_brigade.obj
c:\tools\src\aprutil\libr\apr_ldap_init.obj
c:\tools\src\aprutil\libr\apr_hooks.obj
c:\tools\src\aprutil\libr\apr_base64.obj
c:\tools\src\aprutil\libr\sdbm_pair.obj
c:\tools\src\aprutil\libr\sdbm_lock.obj
c:\tools\src\aprutil\libr\sdbm_hash.obj
c:\tools\src\aprutil\libr\sdbm.obj
c:\tools\src\aprutil\libr\apr_dbm_sdbm.obj
c:\tools\src\aprutil\libr\apr_dbm_gdbm.obj
c:\tools\src\aprutil\libr\apr_dbm_berkeleydb.obj
c:\tools\src\aprutil\libr\apr_dbm.obj
c:\tools\src\aprutil\libr\apr_dbd_sqlite3.obj
c:\tools\src\aprutil\libr\apr_dbd_sqlite2.obj
c:\tools\src\aprutil\libr\apr_dbd_pgsql.obj
c:\tools\src\aprutil\libr\apr_dbd_oracle.obj
c:\tools\src\aprutil\libr\apr_dbd_odbc.obj
c:\tools\src\aprutil\libr\apr_dbd_mysql.obj
c:\tools\src\aprutil\libr\apr_dbd_freetds.obj
c:\tools\src\aprutil\libr\apr_dbd.obj
c:\tools\src\aprutil\libr\uuid.obj
c:\tools\src\aprutil\libr\apr_xml.obj
c:\tools\src\aprutil\libr\xlate.obj
c:\tools\src\aprutil\libr\apr_uri.obj
c:\tools\src\aprutil\libr\apr_strmatch.obj
c:\tools\src\aprutil\libr\apu_version.obj
c:\tools\src\aprutil\libr\apu_dso.obj
c:\tools\src\aprutil\libr\apr_thread_pool.obj
c:\tools\src\aprutil\libr\apr_rmm.obj
c:\tools\src\aprutil\libr\apr_reslist.obj
c:\tools\src\aprutil\libr\apr_queue.obj
c:\tools\src\aprutil\libr\apr_date.obj
c:\tools\src\aprutil\libr\apr_memcache.obj
c:\tools\src\aprutil\libr\apr_ldap_url.obj
c:\tools\src\aprutil\libr\apr_ldap_stub.obj
c:\tools\src\aprutil\libr\apr_ldap_rebind.obj
c:\tools\src\aprutil\libr\apr_ldap_option.obj
c:\tools\src\aprutil\libr\aprutil-1
c:\tools\src\aprutil\include\apr_ldap.h
c:\tools\src\aprutil\include\apu.h
c:\tools\src\aprutil\include\apu_want.h
c:\tools\src\aprutil\include\private\apu_config.h
c:\tools\src\aprutil\include\private\apu_select_dbm.h
c:\tools\src\aprutil\libr\aprutil-1.lib
c:\tools\src\aprutil\libr\aprutil.tlog\cl.command.1.tlog
c:\tools\src\aprutil\libr\aprutil.tlog\cl.read.1.tlog
c:\tools\src\aprutil\libr\aprutil.tlog\cl.write.1.tlog
c:\tools\src\aprutil\libr\aprutil.tlog\custombuild.command.1.tlog
c:\tools\src\aprutil\libr\aprutil.tlog\custombuild.read.1.tlog
c:\tools\src\aprutil\libr\aprutil.tlog\custombuild.write.1.tlog
c:\tools\src\aprutil\libr\aprutil.tlog\lib-link.read.1.tlog
c:\tools\src\aprutil\libr\aprutil.tlog\lib-link.write.1.tlog
c:\tools\src\aprutil\libr\aprutil.tlog\lib.command.1.tlog
