c:\surge\digitalglobe\tools\src\ogdi\ogdi\librpc\win32\debug\librpc.pdb
c:\surge\digitalglobe\tools\src\ogdi\ogdi\librpc\win32\debug\librpc.idb
c:\surge\digitalglobe\tools\src\ogdi\ogdi\librpc\win32\debug\rpcinfo.obj
c:\surge\digitalglobe\tools\src\ogdi\ogdi\librpc\win32\debug\rpc_call.obj
c:\surge\digitalglobe\tools\src\ogdi\ogdi\librpc\win32\debug\rpc_comm.obj
c:\surge\digitalglobe\tools\src\ogdi\ogdi\librpc\win32\debug\rpc_prot.obj
c:\surge\digitalglobe\tools\src\ogdi\ogdi\librpc\win32\debug\svc.obj
c:\surge\digitalglobe\tools\src\ogdi\ogdi\librpc\win32\debug\svc_auth.obj
c:\surge\digitalglobe\tools\src\ogdi\ogdi\librpc\win32\debug\svc_autu.obj
c:\surge\digitalglobe\tools\src\ogdi\ogdi\librpc\win32\debug\svc_raw.obj
c:\surge\digitalglobe\tools\src\ogdi\ogdi\librpc\win32\debug\svc_run.obj
c:\surge\digitalglobe\tools\src\ogdi\ogdi\librpc\win32\debug\svc_simp.obj
c:\surge\digitalglobe\tools\src\ogdi\ogdi\librpc\win32\debug\svc_tcp.obj
c:\surge\digitalglobe\tools\src\ogdi\ogdi\librpc\win32\debug\svc_udp.obj
c:\surge\digitalglobe\tools\src\ogdi\ogdi\librpc\win32\debug\xdr.obj
c:\surge\digitalglobe\tools\src\ogdi\ogdi\librpc\win32\debug\xdrrefer.obj
c:\surge\digitalglobe\tools\src\ogdi\ogdi\librpc\win32\debug\xdr_arra.obj
c:\surge\digitalglobe\tools\src\ogdi\ogdi\librpc\win32\debug\xdr_floa.obj
c:\surge\digitalglobe\tools\src\ogdi\ogdi\librpc\win32\debug\xdr_mem.obj
c:\surge\digitalglobe\tools\src\ogdi\ogdi\librpc\win32\debug\xdr_rec.obj
c:\surge\digitalglobe\tools\src\ogdi\ogdi\librpc\win32\debug\xdr_refe.obj
c:\surge\digitalglobe\tools\src\ogdi\ogdi\librpc\win32\debug\xdr_stdi.obj
c:\surge\digitalglobe\tools\src\ogdi\ogdi\librpc\win32\debug\bcopy.obj
c:\surge\digitalglobe\tools\src\ogdi\ogdi\librpc\win32\debug\bindresv.obj
c:\surge\digitalglobe\tools\src\ogdi\ogdi\librpc\win32\debug\clnt_gen.obj
c:\surge\digitalglobe\tools\src\ogdi\ogdi\librpc\win32\debug\clnt_per.obj
c:\surge\digitalglobe\tools\src\ogdi\ogdi\librpc\win32\debug\clnt_raw.obj
c:\surge\digitalglobe\tools\src\ogdi\ogdi\librpc\win32\debug\clnt_sim.obj
c:\surge\digitalglobe\tools\src\ogdi\ogdi\librpc\win32\debug\clnt_tcp.obj
c:\surge\digitalglobe\tools\src\ogdi\ogdi\librpc\win32\debug\clnt_udp.obj
c:\surge\digitalglobe\tools\src\ogdi\ogdi\librpc\win32\debug\getopt.obj
c:\surge\digitalglobe\tools\src\ogdi\ogdi\librpc\win32\debug\getrpcen.obj
c:\surge\digitalglobe\tools\src\ogdi\ogdi\librpc\win32\debug\getrpcpo.obj
c:\surge\digitalglobe\tools\src\ogdi\ogdi\librpc\win32\debug\get_myad.obj
c:\surge\digitalglobe\tools\src\ogdi\ogdi\librpc\win32\debug\nt.obj
c:\surge\digitalglobe\tools\src\ogdi\ogdi\librpc\win32\debug\pmap_cln.obj
c:\surge\digitalglobe\tools\src\ogdi\ogdi\librpc\win32\debug\pmap_get.obj
c:\surge\digitalglobe\tools\src\ogdi\ogdi\librpc\win32\debug\pmap_gma.obj
c:\surge\digitalglobe\tools\src\ogdi\ogdi\librpc\win32\debug\pmap_pr.obj
c:\surge\digitalglobe\tools\src\ogdi\ogdi\librpc\win32\debug\pmap_pro.obj
c:\surge\digitalglobe\tools\src\ogdi\ogdi\librpc\win32\debug\pmap_rmt.obj
c:\surge\digitalglobe\tools\src\ogdi\ogdi\librpc\win32\debug\portmap.obj
c:\surge\digitalglobe\tools\src\ogdi\ogdi\librpc\win32\debug\authunix.obj
c:\surge\digitalglobe\tools\src\ogdi\ogdi\librpc\win32\debug\auth_non.obj
c:\surge\digitalglobe\tools\src\ogdi\ogdi\librpc\win32\debug\auth_uni.obj
c:\surge\digitalglobe\tools\src\ogdi\ogdi\win32\debug\librpc.lib
c:\surge\digitalglobe\tools\src\ogdi\ogdi\librpc\win32\debug\librpc.tlog\cl.command.1.tlog
c:\surge\digitalglobe\tools\src\ogdi\ogdi\librpc\win32\debug\librpc.tlog\cl.read.1.tlog
c:\surge\digitalglobe\tools\src\ogdi\ogdi\librpc\win32\debug\librpc.tlog\cl.write.1.tlog
c:\surge\digitalglobe\tools\src\ogdi\ogdi\librpc\win32\debug\librpc.tlog\lib-link.read.1.tlog
c:\surge\digitalglobe\tools\src\ogdi\ogdi\librpc\win32\debug\librpc.tlog\lib-link.write.1.tlog
c:\surge\digitalglobe\tools\src\ogdi\ogdi\librpc\win32\debug\librpc.tlog\lib.command.1.tlog
