c:\digitalglobe\libkml-master\msvc\x64\release\libkmlbase\libkmlbase.pch
c:\digitalglobe\libkml-master\msvc\x64\release\libkmlbase\libkmlbase.pdb
c:\digitalglobe\libkml-master\msvc\x64\release\libkmlbase\stdafx.obj
c:\digitalglobe\libkml-master\msvc\x64\release\libkmlbase\zip_file.obj
c:\digitalglobe\libkml-master\msvc\x64\release\libkmlbase\xml_namespaces.obj
c:\digitalglobe\libkml-master\msvc\x64\release\libkmlbase\version.obj
c:\digitalglobe\libkml-master\msvc\x64\release\libkmlbase\uri_parser.obj
c:\digitalglobe\libkml-master\msvc\x64\release\libkmlbase\time_util.obj
c:\digitalglobe\libkml-master\msvc\x64\release\libkmlbase\string_util.obj
c:\digitalglobe\libkml-master\msvc\x64\release\libkmlbase\referent.obj
c:\digitalglobe\libkml-master\msvc\x64\release\libkmlbase\mimetypes.obj
c:\digitalglobe\libkml-master\msvc\x64\release\libkmlbase\math_util.obj
c:\digitalglobe\libkml-master\msvc\x64\release\libkmlbase\file_win32.obj
c:\digitalglobe\libkml-master\msvc\x64\release\libkmlbase\file.obj
c:\digitalglobe\libkml-master\msvc\x64\release\libkmlbase\expat_parser.obj
c:\digitalglobe\libkml-master\msvc\x64\release\libkmlbase\expat_handler_ns.obj
c:\digitalglobe\libkml-master\msvc\x64\release\libkmlbase\date_time.obj
c:\digitalglobe\libkml-master\msvc\x64\release\libkmlbase\csv_splitter.obj
c:\digitalglobe\libkml-master\msvc\x64\release\libkmlbase\attributes.obj
c:\digitalglobe\libkml\msvc\x64\release\libkmlbase\libkmlbase.pch
c:\digitalglobe\libkml\msvc\x64\release\libkmlbase.pdb
c:\digitalglobe\libkml\msvc\x64\release\libkmlbase\stdafx.obj
c:\digitalglobe\libkml\msvc\x64\release\libkmlbase\zip_file.obj
c:\digitalglobe\libkml\msvc\x64\release\libkmlbase\xml_namespaces.obj
c:\digitalglobe\libkml\msvc\x64\release\libkmlbase\version.obj
c:\digitalglobe\libkml\msvc\x64\release\libkmlbase\uri_parser.obj
c:\digitalglobe\libkml\msvc\x64\release\libkmlbase\time_util.obj
c:\digitalglobe\libkml\msvc\x64\release\libkmlbase\string_util.obj
c:\digitalglobe\libkml\msvc\x64\release\libkmlbase\referent.obj
c:\digitalglobe\libkml\msvc\x64\release\libkmlbase\mimetypes.obj
c:\digitalglobe\libkml\msvc\x64\release\libkmlbase\math_util.obj
c:\digitalglobe\libkml\msvc\x64\release\libkmlbase\file_win32.obj
c:\digitalglobe\libkml\msvc\x64\release\libkmlbase\file.obj
c:\digitalglobe\libkml\msvc\x64\release\libkmlbase\expat_parser.obj
c:\digitalglobe\libkml\msvc\x64\release\libkmlbase\expat_handler_ns.obj
c:\digitalglobe\libkml\msvc\x64\release\libkmlbase\date_time.obj
c:\digitalglobe\libkml\msvc\x64\release\libkmlbase\csv_splitter.obj
c:\digitalglobe\libkml\msvc\x64\release\libkmlbase\attributes.obj
c:\digitalglobe\libkml-master\msvc\x64\release\libkmlbase.lib
c:\digitalglobe\libkml\msvc\x64\release\libkmlbase.lib
c:\digitalglobe\libkml\msvc\x64\release\libkmlbase\libkmlbase.pdb
c:\digitalglobe\libkml\msvc\x64\release\libkmlbase\libkmlbase.tlog\cl.command.1.tlog
c:\digitalglobe\libkml\msvc\x64\release\libkmlbase\libkmlbase.tlog\cl.read.1.tlog
c:\digitalglobe\libkml\msvc\x64\release\libkmlbase\libkmlbase.tlog\cl.write.1.tlog
c:\digitalglobe\libkml\msvc\x64\release\libkmlbase\libkmlbase.tlog\lib-link.read.1.tlog
c:\digitalglobe\libkml\msvc\x64\release\libkmlbase\libkmlbase.tlog\lib-link.write.1.tlog
c:\digitalglobe\libkml\msvc\x64\release\libkmlbase\libkmlbase.tlog\lib.command.1.tlog
