  stdafx.cpp
  xsd.cc
  xml_serializer.cc
  xal.cc
  visitor_driver.cc
  visitor.cc
  vec2.cc
  timeprimitive.cc
  substyle.cc
  styleselector.cc
  stylemap.cc
  style.cc
  snippet.cc
  serializer.cc
  schema.cc
  region.cc
  polystyle.cc
  placemark.cc
  parser.cc
  overlay.cc
  Generating Code...
  Compiling...
  object.cc
  networklinkcontrol.cc
  networklink.cc
  model.cc
  liststyle.cc
  link.cc
  linestyle.cc
  labelstyle.cc
  kml_handler_ns.cc
  kml_handler.cc
  kml_factory.cc
  kml_cast.cc
  kml22.cc
  kml.cc
  iconstyle.cc
  hotspot.cc
  gx_tour.cc
  gx_timeprimitive.cc
  geometry.cc
  folder.cc
  Generating Code...
  Compiling...
  feature.cc
  extendeddata.cc
  element.cc
  document.cc
  container.cc
  colorstyle.cc
  balloonstyle.cc
  atom.cc
  abstractview.cc
  abstractlatlonbox.cc
  Generating Code...
kml22.obj : warning LNK4221: This object file does not define any previously undefined public symbols, so it will not be used by any link operation that consumes this library
  libkmldom.vcxproj -> C:\DigitalGlobe\LibKml\msvc\Debug\libkmldom_d.lib
