c:\digitalglobetemp\src\expat\source\win32\bin\debug\expat_static.bsc
c:\digitalglobetemp\src\expat\source\win32\tmp\debug_static\expat_static.pdb
c:\digitalglobetemp\src\expat\source\win32\tmp\debug_static\expat_static.idb
c:\digitalglobetemp\src\expat\source\win32\tmp\debug_static\xmlparse.sbr
c:\digitalglobetemp\src\expat\source\win32\tmp\debug_static\xmlrole.sbr
c:\digitalglobetemp\src\expat\source\win32\tmp\debug_static\xmltok.sbr
c:\digitalglobetemp\src\expat\source\win32\tmp\debug_static\xmltok_impl.sbr
c:\digitalglobetemp\src\expat\source\win32\tmp\debug_static\xmltok_ns.sbr
c:\digitalglobetemp\src\expat\source\win32\tmp\debug_static\xmltok_ns.obj
c:\digitalglobetemp\src\expat\source\win32\tmp\debug_static\xmltok_impl.obj
c:\digitalglobetemp\src\expat\source\win32\tmp\debug_static\xmltok.obj
c:\digitalglobetemp\src\expat\source\win32\tmp\debug_static\xmlrole.obj
c:\digitalglobetemp\src\expat\source\win32\tmp\debug_static\xmlparse.obj
c:\digitalglobetemp\src\expat\source\win32\bin\debug\libexpatmt.lib
c:\digitalglobetemp\src\expat\source\lib\.\..\win32\bin\debug\libexpatmt.lib
c:\digitalglobetemp\src\expat\source\win32\tmp\debug_static\expat_static.tlog\bscmake.command.1.tlog
c:\digitalglobetemp\src\expat\source\win32\tmp\debug_static\expat_static.tlog\bscmake.read.1.tlog
c:\digitalglobetemp\src\expat\source\win32\tmp\debug_static\expat_static.tlog\bscmake.write.1.tlog
c:\digitalglobetemp\src\expat\source\win32\tmp\debug_static\expat_static.tlog\cl.command.1.tlog
c:\digitalglobetemp\src\expat\source\win32\tmp\debug_static\expat_static.tlog\cl.read.1.tlog
c:\digitalglobetemp\src\expat\source\win32\tmp\debug_static\expat_static.tlog\cl.write.1.tlog
c:\digitalglobetemp\src\expat\source\win32\tmp\debug_static\expat_static.tlog\lib-link.read.1.tlog
c:\digitalglobetemp\src\expat\source\win32\tmp\debug_static\expat_static.tlog\lib-link.write.1.tlog
c:\digitalglobetemp\src\expat\source\win32\tmp\debug_static\expat_static.tlog\lib.command.1.tlog
