  authunix.c
  auth_non.c
..\..\external\rpc_win32\LIBRPC\auth_non.c(89): warning C4013: 'calloc' undefined; assuming extern returning int
..\..\external\rpc_win32\LIBRPC\auth_non.c(100): warning C4013: 'xdr_opaque_auth' undefined; assuming extern returning int
  auth_uni.c
..\..\external\rpc_win32\LIBRPC\auth_uni.c(155): warning C4013: 'time' undefined; assuming extern returning int
  bcopy.c
  bindresv.c
..\..\external\rpc_win32\LIBRPC\bindresv.c(80): warning C4133: 'function': incompatible types - from 'sockaddr_in *' to 'char *'
..\..\external\rpc_win32\LIBRPC\bindresv.c(106): warning C4133: 'function': incompatible types - from 'sockaddr_in *' to 'const sockaddr *'
  clnt_gen.c
  clnt_per.c
..\..\external\rpc_win32\LIBRPC\clnt_per.c(171): warning C4013: 'nt_rpc_report' undefined; assuming extern returning int
  clnt_raw.c
  clnt_sim.c
  clnt_tcp.c
..\..\external\rpc_win32\LIBRPC\clnt_tcp.c(187): warning C4013: 'bindresvport' undefined; assuming extern returning int
..\..\external\rpc_win32\LIBRPC\clnt_tcp.c(223): warning C4013: 'time' undefined; assuming extern returning int
..\..\external\rpc_win32\LIBRPC\clnt_tcp.c(469): warning C4133: 'function': incompatible types - from 'int *' to 'fd_set *'
  clnt_udp.c
..\..\external\rpc_win32\LIBRPC\clnt_udp.c(165): warning C4013: 'time' undefined; assuming extern returning int
..\..\external\rpc_win32\LIBRPC\clnt_udp.c(210): warning C4013: 'bindresvport' undefined; assuming extern returning int
..\..\external\rpc_win32\LIBRPC\clnt_udp.c(213): warning C4133: 'function': incompatible types - from 'char *' to 'u_long *'
..\..\external\rpc_win32\LIBRPC\clnt_udp.c(334): warning C4133: 'function': incompatible types - from 'int *' to 'fd_set *'
..\..\external\rpc_win32\LIBRPC\clnt_udp.c(338): warning C4133: 'function': incompatible types - from 'int *' to 'fd_set *'
  getopt.c
  getrpcen.c
..\..\external\rpc_win32\LIBRPC\getrpcen.c(112): warning C4013: 'setrpcent' undefined; assuming extern returning int
..\..\external\rpc_win32\LIBRPC\getrpcen.c(117): warning C4013: 'endrpcent' undefined; assuming extern returning int
..\..\external\rpc_win32\LIBRPC\getrpcen.c(107): warning C4101: 'adrstr': unreferenced local variable
..\..\external\rpc_win32\LIBRPC\getrpcen.c(106): warning C4101: 'reason': unreferenced local variable
..\..\external\rpc_win32\LIBRPC\getrpcen.c(108): warning C4101: 'vallen': unreferenced local variable
..\..\external\rpc_win32\LIBRPC\getrpcen.c(147): warning C4033: 'setrpcent' must return a value
..\..\external\rpc_win32\LIBRPC\getrpcen.c(163): warning C4033: 'endrpcent' must return a value
..\..\external\rpc_win32\LIBRPC\getrpcen.c(180): warning C4101: 'keylen': unreferenced local variable
..\..\external\rpc_win32\LIBRPC\getrpcen.c(178): warning C4101: 'reason': unreferenced local variable
..\..\external\rpc_win32\LIBRPC\getrpcen.c(177): warning C4101: 'hp': unreferenced local variable
..\..\external\rpc_win32\LIBRPC\getrpcen.c(180): warning C4101: 'vallen': unreferenced local variable
..\..\external\rpc_win32\LIBRPC\getrpcen.c(200): warning C4033: 'interpret' must return a value
..\..\external\rpc_win32\LIBRPC\getrpcen.c(201): warning C4047: 'function': 'const char *' differs in levels of indirection from 'int'
..\..\external\rpc_win32\LIBRPC\getrpcen.c(201): warning C4024: 'strncpy': different types for formal and actual parameter 2
  getrpcpo.c
  get_myad.c
  nt.c
  pmap_cln.c
..\..\external\rpc_win32\LIBRPC\pmap_cln.c(87): warning C4013: 'get_myaddress' undefined; assuming extern returning int
  pmap_get.c
  pmap_gma.c
  pmap_pr.c
  Compiling...
  pmap_pro.c
  pmap_rmt.c
..\..\external\rpc_win32\LIBRPC\pmap_rmt.c(291): warning C4133: 'function': incompatible types - from 'int *' to 'const char *'
..\..\external\rpc_win32\LIBRPC\pmap_rmt.c(309): warning C4013: 'time' undefined; assuming extern returning int
..\..\external\rpc_win32\LIBRPC\pmap_rmt.c(359): warning C4133: 'function': incompatible types - from 'int *' to 'fd_set *'
..\..\external\rpc_win32\LIBRPC\pmap_rmt.c(363): warning C4133: 'function': incompatible types - from 'int *' to 'fd_set *'
  portmap.c
..\..\external\rpc_win32\LIBRPC\portmap.c(81): warning C4101: 'pid': unreferenced local variable
..\..\external\rpc_win32\LIBRPC\portmap.c(81): warning C4101: 't': unreferenced local variable
..\..\external\rpc_win32\LIBRPC\portmap.c(437): warning C4033: 'callit' must return a value
..\..\external\rpc_win32\LIBRPC\portmap.c(439): warning C4033: 'callit' must return a value
..\..\external\rpc_win32\LIBRPC\portmap.c(440): warning C4244: '=': conversion from 'unsigned long' to 'u_short', possible loss of data
..\..\external\rpc_win32\LIBRPC\portmap.c(441): warning C4013: 'get_myaddress' undefined; assuming extern returning int
  rpcinfo.c
..\..\external\rpc_win32\LIBRPC\rpcinfo.c(111): warning C4013: 'getopt' undefined; assuming extern returning int
  rpc_call.c
  rpc_comm.c
  rpc_prot.c
  svc.c
..\..\external\rpc_win32\LIBRPC\svc.c(135): warning C4047: 'function': 'char *' differs in levels of indirection from 'SVCXPRT **'
..\..\external\rpc_win32\LIBRPC\svc.c(135): warning C4024: 'bcopy': different types for formal and actual parameter 1
..\..\external\rpc_win32\LIBRPC\svc.c(135): warning C4024: 'bcopy': different types for formal and actual parameter 2
..\..\external\rpc_win32\LIBRPC\svc.c(504): warning C4018: '<': signed/unsigned mismatch
..\..\external\rpc_win32\LIBRPC\svc.c(491): warning C4101: 'maskp': unreferenced local variable
..\..\external\rpc_win32\LIBRPC\svc.c(489): warning C4101: 'mask': unreferenced local variable
..\..\external\rpc_win32\LIBRPC\svc.c(490): warning C4101: 'bit': unreferenced local variable
..\..\external\rpc_win32\LIBRPC\svc.c(492): warning C4101: 'setsize': unreferenced local variable
  svc_auth.c
  svc_autu.c
..\..\external\rpc_win32\LIBRPC\svc_autu.c(113): warning C4018: '>': signed/unsigned mismatch
  svc_raw.c
  svc_run.c
..\..\external\rpc_win32\LIBRPC\svc_run.c(76): warning C4133: 'function': incompatible types - from 'int *' to 'fd_set *'
  svc_simp.c
..\..\external\rpc_win32\LIBRPC\svc_simp.c(96): warning C4013: 'pmap_unset' undefined; assuming extern returning int
  svc_tcp.c
..\..\external\rpc_win32\LIBRPC\svc_tcp.c(169): warning C4013: 'bindresvport' undefined; assuming extern returning int
..\..\external\rpc_win32\LIBRPC\svc_tcp.c(364): warning C4133: 'function': incompatible types - from 'int *' to 'fd_set *'
  svc_udp.c
..\..\external\rpc_win32\LIBRPC\svc_udp.c(133): warning C4013: 'bindresvport' undefined; assuming extern returning int
..\..\external\rpc_win32\LIBRPC\svc_udp.c(231): warning C4013: 'cache_get' undefined; assuming extern returning int
..\..\external\rpc_win32\LIBRPC\svc_udp.c(264): warning C4013: 'cache_set' undefined; assuming extern returning int
..\..\external\rpc_win32\LIBRPC\svc_udp.c(451): warning C4033: 'cache_set' must return a value
..\..\external\rpc_win32\LIBRPC\svc_udp.c(459): warning C4033: 'cache_set' must return a value
..\..\external\rpc_win32\LIBRPC\svc_udp.c(464): warning C4033: 'cache_set' must return a value
..\..\external\rpc_win32\LIBRPC\svc_udp.c(511): warning C4013: 'bcmp' undefined; assuming extern returning int
  xdr.c
..\..\external\rpc_win32\LIBRPC\xdr.c(426): warning C4013: 'nt_rpc_report' undefined; assuming extern returning int
..\..\external\rpc_win32\LIBRPC\xdr.c(439): warning C4013: 'free' undefined; assuming extern returning int
  xdrrefer.c
..\..\external\rpc_win32\LIBRPC\xdrrefer.c(87): warning C4013: 'nt_rpc_report' undefined; assuming extern returning int
..\..\external\rpc_win32\LIBRPC\xdrrefer.c(91): warning C4013: 'bzero' undefined; assuming extern returning int
..\..\external\rpc_win32\LIBRPC\xdrrefer.c(98): warning C4013: 'free' undefined; assuming extern returning int
  xdr_arra.c
..\..\external\rpc_win32\LIBRPC\xdr_arra.c(103): warning C4013: 'malloc' undefined; assuming extern returning int
..\..\external\rpc_win32\LIBRPC\xdr_arra.c(103): warning C4047: '=': 'caddr_t' differs in levels of indirection from 'int'
..\..\external\rpc_win32\LIBRPC\xdr_arra.c(106): warning C4013: 'nt_rpc_report' undefined; assuming extern returning int
..\..\external\rpc_win32\LIBRPC\xdr_arra.c(113): warning C4013: 'bzero' undefined; assuming extern returning int
..\..\external\rpc_win32\LIBRPC\xdr_arra.c(132): warning C4013: 'free' undefined; assuming extern returning int
  xdr_floa.c
  xdr_mem.c
  Compiling...
  xdr_rec.c
..\..\external\rpc_win32\LIBRPC\xdr_rec.c(254): warning C4013: 'flush_out' undefined; assuming extern returning int
..\..\external\rpc_win32\LIBRPC\xdr_rec.c(277): warning C4013: 'set_input_fragment' undefined; assuming extern returning int
..\..\external\rpc_win32\LIBRPC\xdr_rec.c(281): warning C4018: '<': signed/unsigned mismatch
..\..\external\rpc_win32\LIBRPC\xdr_rec.c(282): warning C4013: 'get_input_bytes' undefined; assuming extern returning int
..\..\external\rpc_win32\LIBRPC\xdr_rec.c(302): warning C4018: '<': signed/unsigned mismatch
..\..\external\rpc_win32\LIBRPC\xdr_rec.c(434): warning C4013: 'skip_input_bytes' undefined; assuming extern returning int
  xdr_refe.c
..\..\external\rpc_win32\LIBRPC\xdr_refe.c(85): warning C4013: 'malloc' undefined; assuming extern returning int
..\..\external\rpc_win32\LIBRPC\xdr_refe.c(88): warning C4013: 'nt_rpc_report' undefined; assuming extern returning int
..\..\external\rpc_win32\LIBRPC\xdr_refe.c(95): warning C4013: 'bzero' undefined; assuming extern returning int
..\..\external\rpc_win32\LIBRPC\xdr_refe.c(102): warning C4013: 'free' undefined; assuming extern returning int
  xdr_stdi.c
xdrrefer.obj : warning LNK4006: _xdr_reference already defined in xdr_refe.obj; second definition ignored
portmap.obj : warning LNK4006: _main already defined in rpcinfo.obj; second definition ignored
  librpc.vcxproj -> C:\Surge\DigitalGlobe\tools\src\OGDI\ogdi\Win32\Release\librpc.lib
