c:\libexpat\source\win32\tmp\release-w\vc140.pdb
c:\libexpat\source\win32\tmp\release-w\xmltok_ns.obj
c:\libexpat\source\win32\tmp\release-w\xmltok_impl.obj
c:\libexpat\source\win32\tmp\release-w\xmltok.obj
c:\libexpat\source\win32\tmp\release-w\xmlrole.obj
c:\libexpat\source\win32\tmp\release-w\xmlparse.obj
c:\libexpat\source\win32\bin\release\libexpatw.lib
c:\libexpat\source\win32\bin\release\libexpatw.exp
c:\libexpat\source\win32\bin\release\libexpatw.dll
c:\libexpat\source\win32\bin\release\libexpatw.pdb
c:\digitalglobetemp\src\expat\source\win32\tmp\release-w\xmlparse.obj
c:\digitalglobetemp\src\expat\source\win32\tmp\release-w\xmlrole.obj
c:\digitalglobetemp\src\expat\source\win32\tmp\release-w\xmltok.obj
c:\digitalglobetemp\src\expat\source\win32\tmp\release-w\xmltok_impl.obj
c:\digitalglobetemp\src\expat\source\win32\tmp\release-w\xmltok_ns.obj
c:\digitalglobetemp\src\expat\source\win32\tmp\release-w\vc140.pdb
c:\digitalglobetemp\src\expat\source\win32\tmp\release-w\expatw.tlog\cl.command.1.tlog
c:\digitalglobetemp\src\expat\source\win32\tmp\release-w\expatw.tlog\cl.read.1.tlog
c:\digitalglobetemp\src\expat\source\win32\tmp\release-w\expatw.tlog\cl.write.1.tlog
c:\digitalglobetemp\src\expat\source\win32\tmp\release-w\expatw.tlog\expatw.write.1u.tlog
c:\digitalglobetemp\src\expat\source\win32\tmp\release-w\expatw.tlog\link.command.1.tlog
c:\digitalglobetemp\src\expat\source\win32\tmp\release-w\expatw.tlog\link.read.1.tlog
c:\digitalglobetemp\src\expat\source\win32\tmp\release-w\expatw.tlog\link.write.1.tlog
