c:\libexpat\source\x64\tmp\release\vc140.pdb
c:\libexpat\source\x64\tmp\release\xmltok_ns.obj
c:\libexpat\source\x64\tmp\release\xmltok_impl.obj
c:\libexpat\source\x64\tmp\release\xmltok.obj
c:\libexpat\source\x64\tmp\release\xmlrole.obj
c:\libexpat\source\x64\tmp\release\xmlparse.obj
c:\libexpat\source\x64\bin\release\libexpat.lib
c:\libexpat\source\x64\bin\release\libexpat.exp
c:\libexpat\source\x64\bin\release\libexpat.dll
c:\libexpat\source\x64\bin\release\libexpat.pdb
c:\digitalglobetemp\src\expat\source\x64\tmp\release\xmlparse.obj
c:\digitalglobetemp\src\expat\source\x64\tmp\release\xmlrole.obj
c:\digitalglobetemp\src\expat\source\x64\tmp\release\xmltok.obj
c:\digitalglobetemp\src\expat\source\x64\tmp\release\xmltok_impl.obj
c:\digitalglobetemp\src\expat\source\x64\tmp\release\xmltok_ns.obj
c:\digitalglobetemp\src\expat\source\x64\tmp\release\vc140.pdb
c:\digitalglobetemp\src\expat\source\x64\tmp\release\expat.tlog\cl.command.1.tlog
c:\digitalglobetemp\src\expat\source\x64\tmp\release\expat.tlog\cl.read.1.tlog
c:\digitalglobetemp\src\expat\source\x64\tmp\release\expat.tlog\cl.write.1.tlog
c:\digitalglobetemp\src\expat\source\x64\tmp\release\expat.tlog\expat.write.1u.tlog
c:\digitalglobetemp\src\expat\source\x64\tmp\release\expat.tlog\link.command.1.tlog
c:\digitalglobetemp\src\expat\source\x64\tmp\release\expat.tlog\link.read.1.tlog
c:\digitalglobetemp\src\expat\source\x64\tmp\release\expat.tlog\link.write.1.tlog
