  stdafx.cpp
  abstractlatlonbox.cc
  abstractview.cc
  atom.cc
  balloonstyle.cc
  colorstyle.cc
  container.cc
  document.cc
  element.cc
  extendeddata.cc
  feature.cc
  folder.cc
  geometry.cc
..\src\kml\dom\geometry.cc(533): warning C4267: 'argument': conversion from 'size_t' to 'int', possible loss of data
  gx_timeprimitive.cc
  gx_tour.cc
  hotspot.cc
  iconstyle.cc
  kml.cc
  kml22.cc
  kml_cast.cc
  kml_factory.cc
  Compiling...
  kml_handler.cc
  kml_handler_ns.cc
  labelstyle.cc
  linestyle.cc
  link.cc
  liststyle.cc
  model.cc
  networklink.cc
  networklinkcontrol.cc
  object.cc
  overlay.cc
  parser.cc
  placemark.cc
  polystyle.cc
  region.cc
  schema.cc
  serializer.cc
  snippet.cc
  style.cc
  stylemap.cc
  Compiling...
  styleselector.cc
  substyle.cc
  timeprimitive.cc
  vec2.cc
  visitor.cc
  visitor_driver.cc
  xal.cc
  xml_serializer.cc
  xsd.cc
  libkmldom.vcxproj -> C:\DigitalGlobe\LibKml\msvc\x64\Release\libkmldom.lib
