c:\libexpat\source\x64\bin\debug\expatw_static.bsc
c:\libexpat\source\x64\tmp\debug-w_static\expatw_static.pdb
c:\libexpat\source\x64\tmp\debug-w_static\xmlparse.sbr
c:\libexpat\source\x64\tmp\debug-w_static\xmlrole.sbr
c:\libexpat\source\x64\tmp\debug-w_static\xmltok.sbr
c:\libexpat\source\x64\tmp\debug-w_static\xmltok_impl.sbr
c:\libexpat\source\x64\tmp\debug-w_static\xmltok_ns.sbr
c:\libexpat\source\x64\tmp\debug-w_static\xmltok_ns.obj
c:\libexpat\source\x64\tmp\debug-w_static\xmltok_impl.obj
c:\libexpat\source\x64\tmp\debug-w_static\xmltok.obj
c:\libexpat\source\x64\tmp\debug-w_static\xmlrole.obj
c:\libexpat\source\x64\tmp\debug-w_static\xmlparse.obj
c:\libexpat\source\x64\bin\debug\libexpatwmt.lib
c:\digitalglobetemp\src\expat\source\x64\tmp\debug-w_static\xmlparse.obj
c:\digitalglobetemp\src\expat\source\x64\tmp\debug-w_static\xmlrole.obj
c:\digitalglobetemp\src\expat\source\x64\tmp\debug-w_static\xmltok.obj
c:\digitalglobetemp\src\expat\source\x64\tmp\debug-w_static\xmltok_impl.obj
c:\digitalglobetemp\src\expat\source\x64\tmp\debug-w_static\xmltok_ns.obj
c:\digitalglobetemp\src\expat\source\x64\tmp\debug-w_static\expatw_static.pdb
c:\digitalglobetemp\src\expat\source\x64\tmp\debug-w_static\xmlparse.sbr
c:\digitalglobetemp\src\expat\source\x64\tmp\debug-w_static\xmlrole.sbr
c:\digitalglobetemp\src\expat\source\x64\tmp\debug-w_static\xmltok.sbr
c:\digitalglobetemp\src\expat\source\x64\tmp\debug-w_static\xmltok_impl.sbr
c:\digitalglobetemp\src\expat\source\x64\tmp\debug-w_static\xmltok_ns.sbr
c:\digitalglobetemp\src\expat\source\x64\tmp\debug-w_static\expatw_static.tlog\bscmake.command.1.tlog
c:\digitalglobetemp\src\expat\source\x64\tmp\debug-w_static\expatw_static.tlog\bscmake.read.1.tlog
c:\digitalglobetemp\src\expat\source\x64\tmp\debug-w_static\expatw_static.tlog\bscmake.write.1.tlog
c:\digitalglobetemp\src\expat\source\x64\tmp\debug-w_static\expatw_static.tlog\cl.command.1.tlog
c:\digitalglobetemp\src\expat\source\x64\tmp\debug-w_static\expatw_static.tlog\cl.read.1.tlog
c:\digitalglobetemp\src\expat\source\x64\tmp\debug-w_static\expatw_static.tlog\cl.write.1.tlog
c:\digitalglobetemp\src\expat\source\x64\tmp\debug-w_static\expatw_static.tlog\lib-link.read.1.tlog
c:\digitalglobetemp\src\expat\source\x64\tmp\debug-w_static\expatw_static.tlog\lib-link.write.1.tlog
c:\digitalglobetemp\src\expat\source\x64\tmp\debug-w_static\expatw_static.tlog\lib.command.1.tlog
