  codepage.c
  win32filemap.c
win32filemap.c(90): warning C4477: 'fprintf' : format string '%s' requires an argument of type 'char *', but variadic argument 2 has type 'LPVOID'
  xmlfile.c
xmlfile.c(119): warning C4996: 'strcpy': This function or variable may be unsafe. Consider using strcpy_s instead. To disable deprecation, use _CRT_SECURE_NO_WARNINGS. See online help for details.
xmlfile.c(127): warning C4996: 'strcpy': This function or variable may be unsafe. Consider using strcpy_s instead. To disable deprecation, use _CRT_SECURE_NO_WARNINGS. See online help for details.
xmlfile.c(161): warning C4996: 'open': The POSIX name for this item is deprecated. Instead, use the ISO C and C++ conformant name: _open. See online help for details.
  C:\Program Files (x86)\Windows Kits\10\Include\10.0.10240.0\ucrt\corecrt_io.h(514): note: see declaration of 'open'
xmlfile.c(172): warning C4996: 'close': The POSIX name for this item is deprecated. Instead, use the ISO C and C++ conformant name: _close. See online help for details.
  C:\Program Files (x86)\Windows Kits\10\Include\10.0.10240.0\ucrt\corecrt_io.h(457): note: see declaration of 'close'
xmlfile.c(177): warning C4996: 'read': The POSIX name for this item is deprecated. Instead, use the ISO C and C++ conformant name: _read. See online help for details.
  C:\Program Files (x86)\Windows Kits\10\Include\10.0.10240.0\ucrt\corecrt_io.h(521): note: see declaration of 'read'
xmlfile.c(181): warning C4996: 'close': The POSIX name for this item is deprecated. Instead, use the ISO C and C++ conformant name: _close. See online help for details.
  C:\Program Files (x86)\Windows Kits\10\Include\10.0.10240.0\ucrt\corecrt_io.h(457): note: see declaration of 'close'
xmlfile.c(187): warning C4996: 'close': The POSIX name for this item is deprecated. Instead, use the ISO C and C++ conformant name: _close. See online help for details.
  C:\Program Files (x86)\Windows Kits\10\Include\10.0.10240.0\ucrt\corecrt_io.h(457): note: see declaration of 'close'
xmlfile.c(192): warning C4996: 'close': The POSIX name for this item is deprecated. Instead, use the ISO C and C++ conformant name: _close. See online help for details.
  C:\Program Files (x86)\Windows Kits\10\Include\10.0.10240.0\ucrt\corecrt_io.h(457): note: see declaration of 'close'
  xmlwf.c
xmlwf.c(801): warning C4996: 'strcpy': This function or variable may be unsafe. Consider using strcpy_s instead. To disable deprecation, use _CRT_SECURE_NO_WARNINGS. See online help for details.
xmlwf.c(802): warning C4996: 'strcat': This function or variable may be unsafe. Consider using strcat_s instead. To disable deprecation, use _CRT_SECURE_NO_WARNINGS. See online help for details.
xmlwf.c(803): warning C4996: 'strcat': This function or variable may be unsafe. Consider using strcat_s instead. To disable deprecation, use _CRT_SECURE_NO_WARNINGS. See online help for details.
xmlwf.c(804): warning C4996: 'fopen': This function or variable may be unsafe. Consider using fopen_s instead. To disable deprecation, use _CRT_SECURE_NO_WARNINGS. See online help for details.
  C:\Program Files (x86)\Windows Kits\10\Include\10.0.10240.0\ucrt\stdio.h(205): note: see declaration of 'fopen'
  Generating Code...
C:\Program Files (x86)\MSBuild\Microsoft.Cpp\v4.0\V140\Microsoft.CppBuild.targets(1189,5): warning MSB8012: TargetPath(C:\LibExpat\Source\x64\Release\xmlwf.exe) does not match the Linker's OutputFile property value (C:\LibExpat\Source\win32\bin\Release\xmlwf.exe). This may cause your project to build incorrectly. To correct this, please make sure that $(OutDir), $(TargetName) and $(TargetExt) property values match the value specified in %(Link.OutputFile).
  xmlwf.vcxproj -> C:\LibExpat\Source\x64\Release\xmlwf.exe
  xmlwf.vcxproj -> C:\LibExpat\Source\x64\Release\xmlwf.pdb (Full PDB)
