c:\projects\surge\digitalglobe\projects\tools\src\aprutil\ldap\debug\apr_ldap-1.lib
c:\projects\surge\digitalglobe\projects\tools\src\aprutil\ldap\debug\apr_ldap-1.exp
c:\projects\surge\digitalglobe\projects\tools\src\aprutil\ldap\debug\apr_ldap_src.pdb
c:\projects\surge\digitalglobe\projects\tools\src\aprutil\ldap\debug\apr_ldap_rebind.obj
c:\projects\surge\digitalglobe\projects\tools\src\aprutil\ldap\debug\apr_ldap_option.obj
c:\projects\surge\digitalglobe\projects\tools\src\aprutil\ldap\debug\apr_ldap_init.obj
c:\projects\surge\digitalglobe\projects\tools\src\aprutil\ldap\debug\apr_ldap_src
c:\projects\surge\digitalglobe\projects\tools\src\aprutil\ldap\debug\apr_ldap-1.dll
c:\projects\surge\digitalglobe\projects\tools\src\aprutil\ldap\debug\apr_ldap.pdb
c:\projects\surge\digitalglobe\projects\tools\src\aprutil\ldap\debug\apr_ldap-1.res
c:\projects\surge\digitalglobe\projects\tools\src\aprutil\ldap\debug\apr_ldap.tlog\apr_ldap.write.1u.tlog
c:\projects\surge\digitalglobe\projects\tools\src\aprutil\ldap\debug\apr_ldap.tlog\cl.command.1.tlog
c:\projects\surge\digitalglobe\projects\tools\src\aprutil\ldap\debug\apr_ldap.tlog\cl.read.1.tlog
c:\projects\surge\digitalglobe\projects\tools\src\aprutil\ldap\debug\apr_ldap.tlog\cl.write.1.tlog
c:\projects\surge\digitalglobe\projects\tools\src\aprutil\ldap\debug\apr_ldap.tlog\link.command.1.tlog
c:\projects\surge\digitalglobe\projects\tools\src\aprutil\ldap\debug\apr_ldap.tlog\link.read.1.tlog
c:\projects\surge\digitalglobe\projects\tools\src\aprutil\ldap\debug\apr_ldap.tlog\link.write.1.tlog
c:\projects\surge\digitalglobe\projects\tools\src\aprutil\ldap\debug\apr_ldap.tlog\rc.command.1.tlog
c:\projects\surge\digitalglobe\projects\tools\src\aprutil\ldap\debug\apr_ldap.tlog\rc.read.1.tlog
c:\projects\surge\digitalglobe\projects\tools\src\aprutil\ldap\debug\apr_ldap.tlog\rc.write.1.tlog
