c:\projects\surge\digitalglobe\projects\tools\src\aprutil\crypto\release\apr_crypto_openssl_src.pdb
c:\projects\surge\digitalglobe\projects\tools\src\aprutil\crypto\release\apr_crypto_openssl.obj
c:\projects\surge\digitalglobe\projects\tools\src\aprutil\crypto\release\apr_crypto_openssl_src
c:\tools\src\aprutil\crypto\release\apr_crypto_openssl_src.pdb
c:\tools\src\aprutil\crypto\release\apr_crypto_openssl.obj
c:\tools\src\aprutil\crypto\release\apr_crypto_openssl_src
c:\projects\surge\digitalglobe\projects\tools\src\aprutil\crypto\release\apr_crypto_openssl-1.res
c:\tools\src\aprutil\crypto\release\apr_crypto_openssl-1.res
c:\tools\src\aprutil\crypto\release\apr_crypto_nss.obj
c:\tools\src\aprutil\crypto\release\apr_crypto_nss-1.res
c:\tools\src\aprutil\crypto\release\apr_crypto_nss_src.pdb
c:\tools\src\aprutil\crypto\release\apr_cryp.0c025dbc.tlog\cl.command.1.tlog
c:\tools\src\aprutil\crypto\release\apr_cryp.0c025dbc.tlog\cl.read.1.tlog
c:\tools\src\aprutil\crypto\release\apr_cryp.0c025dbc.tlog\cl.write.1.tlog
c:\tools\src\aprutil\crypto\release\apr_cryp.0c025dbc.tlog\link.command.1.tlog
c:\tools\src\aprutil\crypto\release\apr_cryp.0c025dbc.tlog\link.read.1.tlog
c:\tools\src\aprutil\crypto\release\apr_cryp.0c025dbc.tlog\link.write.1.tlog
c:\tools\src\aprutil\crypto\release\apr_cryp.0c025dbc.tlog\rc.command.1.tlog
c:\tools\src\aprutil\crypto\release\apr_cryp.0c025dbc.tlog\rc.read.1.tlog
c:\tools\src\aprutil\crypto\release\apr_cryp.0c025dbc.tlog\rc.write.1.tlog
