  platform.cpp
  PluginLogWriter.cpp
  TraceConfiguration.cpp
  traceplugin.cpp
  TracePluginImpl.cpp
..\..\..\src\utilities\ntrace\PluginLogWriter.cpp(171): warning C4267: 'argument': conversion from 'size_t' to 'unsigned int', possible loss of data
  TraceUnicodeUtils.cpp
c:\tools\src\firebird\src\jrd\../jrd/CsConvert.h(73): warning C4267: 'argument': conversion from 'size_t' to 'ULONG', possible loss of data (compiling source file ..\..\..\src\utilities\ntrace\traceplugin.cpp)
c:\tools\src\firebird\src\jrd\../jrd/CsConvert.h(73): warning C4267: 'argument': conversion from 'size_t' to 'ULONG', possible loss of data (compiling source file ..\..\..\src\utilities\ntrace\TraceConfiguration.cpp)
..\..\..\src\utilities\ntrace\TraceConfiguration.cpp(111): warning C4267: '=': conversion from 'size_t' to 'int', possible loss of data
..\..\..\src\utilities\ntrace\TraceConfiguration.cpp(175): warning C4267: 'argument': conversion from 'size_t' to 'SLONG', possible loss of data
..\..\..\src\utilities\ntrace\TraceConfiguration.cpp(179): warning C4267: 'argument': conversion from 'size_t' to 'SLONG', possible loss of data
c:\tools\src\firebird\src\utilities\ntrace\../../jrd/SimilarToMatcher.h(388): warning C4267: 'initializing': conversion from 'size_t' to 'SLONG', possible loss of data (compiling source file ..\..\..\src\utilities\ntrace\TraceConfiguration.cpp)
  c:\tools\src\firebird\src\utilities\ntrace\../../jrd/SimilarToMatcher.h(386): note: while compiling class template member function 'bool Firebird::SimilarToMatcher<Jrd::CanonicalConverter<SimilarConverter>,ULONG>::Evaluator::getResult(void)' (compiling source file ..\..\..\src\utilities\ntrace\TraceConfiguration.cpp)
  c:\tools\src\firebird\src\utilities\ntrace\../../jrd/SimilarToMatcher.h(273): note: see reference to function template instantiation 'bool Firebird::SimilarToMatcher<Jrd::CanonicalConverter<SimilarConverter>,ULONG>::Evaluator::getResult(void)' being compiled (compiling source file ..\..\..\src\utilities\ntrace\TraceConfiguration.cpp)
  c:\tools\src\firebird\src\utilities\ntrace\../../jrd/SimilarToMatcher.h(314): note: see reference to class template instantiation 'Firebird::SimilarToMatcher<Jrd::CanonicalConverter<SimilarConverter>,ULONG>::Evaluator' being compiled (compiling source file ..\..\..\src\utilities\ntrace\TraceConfiguration.cpp)
  ..\..\..\src\utilities\ntrace\TraceConfiguration.cpp(175): note: see reference to class template instantiation 'Firebird::SimilarToMatcher<Jrd::CanonicalConverter<SimilarConverter>,ULONG>' being compiled
..\..\..\src\utilities\ntrace\TraceConfiguration.cpp(82): warning C4267: '=': conversion from 'size_t' to 'SLONG', possible loss of data
  ..\..\..\src\utilities\ntrace\TraceConfiguration.cpp(76): note: while compiling class template member function '`anonymous-namespace'::SystemToUtf8Converter<Jrd::NullStrConverter>::SystemToUtf8Converter(Firebird::MemoryPool &,Jrd::TextType *,const UCHAR *&,SLONG &)'
  c:\tools\src\firebird\src\utilities\ntrace\../../jrd/intl_classes.h(77): note: see reference to function template instantiation '`anonymous-namespace'::SystemToUtf8Converter<Jrd::NullStrConverter>::SystemToUtf8Converter(Firebird::MemoryPool &,Jrd::TextType *,const UCHAR *&,SLONG &)' being compiled (compiling source file ..\..\..\src\utilities\ntrace\TraceConfiguration.cpp)
  c:\tools\src\firebird\src\utilities\ntrace\../../jrd/intl_classes.h(74): note: see reference to class template instantiation '`anonymous-namespace'::SystemToUtf8Converter<Jrd::NullStrConverter>' being compiled (compiling source file ..\..\..\src\utilities\ntrace\TraceConfiguration.cpp)
  c:\tools\src\firebird\src\utilities\ntrace\../../jrd/intl_classes.h(100): note: see reference to class template instantiation 'Jrd::UpcaseConverter<`anonymous-namespace'::SystemToUtf8Converter<Jrd::NullStrConverter>>' being compiled (compiling source file ..\..\..\src\utilities\ntrace\TraceConfiguration.cpp)
  c:\tools\src\firebird\src\utilities\ntrace\../../jrd/SimilarToMatcher.h(241): note: see reference to class template instantiation 'Jrd::CanonicalConverter<SimilarConverter>' being compiled (compiling source file ..\..\..\src\utilities\ntrace\TraceConfiguration.cpp)
c:\tools\src\firebird\src\utilities\ntrace\../../jrd/SimilarToMatcher.h(459): warning C4267: '=': conversion from 'size_t' to 'int', possible loss of data (compiling source file ..\..\..\src\utilities\ntrace\TraceConfiguration.cpp)
  c:\tools\src\firebird\src\utilities\ntrace\../../jrd/SimilarToMatcher.h(444): note: while compiling class template member function 'void Firebird::SimilarToMatcher<Jrd::CanonicalConverter<SimilarConverter>,ULONG>::Evaluator::parseExpr(int *)' (compiling source file ..\..\..\src\utilities\ntrace\TraceConfiguration.cpp)
  c:\tools\src\firebird\src\utilities\ntrace\../../jrd/SimilarToMatcher.h(366): note: see reference to function template instantiation 'void Firebird::SimilarToMatcher<Jrd::CanonicalConverter<SimilarConverter>,ULONG>::Evaluator::parseExpr(int *)' being compiled (compiling source file ..\..\..\src\utilities\ntrace\TraceConfiguration.cpp)
  c:\tools\src\firebird\src\utilities\ntrace\../../jrd/SimilarToMatcher.h(323): note: while compiling class template member function 'Firebird::SimilarToMatcher<Jrd::CanonicalConverter<SimilarConverter>,ULONG>::Evaluator::Evaluator(Firebird::MemoryPool &,Firebird::SimilarToMatcher<Jrd::CanonicalConverter<SimilarConverter>,ULONG>::TextType *,const UCHAR *,SLONG,CharType,bool)'
          with
          [
              CharType=ULONG
          ] (compiling source file ..\..\..\src\utilities\ntrace\TraceConfiguration.cpp)
  c:\tools\src\firebird\src\utilities\ntrace\../../jrd/SimilarToMatcher.h(262): note: see reference to function template instantiation 'Firebird::SimilarToMatcher<Jrd::CanonicalConverter<SimilarConverter>,ULONG>::Evaluator::Evaluator(Firebird::MemoryPool &,Firebird::SimilarToMatcher<Jrd::CanonicalConverter<SimilarConverter>,ULONG>::TextType *,const UCHAR *,SLONG,CharType,bool)' being compiled
          with
          [
              CharType=ULONG
          ] (compiling source file ..\..\..\src\utilities\ntrace\TraceConfiguration.cpp)
c:\tools\src\firebird\src\utilities\ntrace\../../jrd/SimilarToMatcher.h(468): warning C4267: 'argument': conversion from 'size_t' to 'const int', possible loss of data (compiling source file ..\..\..\src\utilities\ntrace\TraceConfiguration.cpp)
c:\tools\src\firebird\src\utilities\ntrace\../../jrd/SimilarToMatcher.h(472): warning C4267: '=': conversion from 'size_t' to 'int', possible loss of data (compiling source file ..\..\..\src\utilities\ntrace\TraceConfiguration.cpp)
c:\tools\src\firebird\src\utilities\ntrace\../../jrd/SimilarToMatcher.h(478): warning C4267: '=': conversion from 'size_t' to 'int', possible loss of data (compiling source file ..\..\..\src\utilities\ntrace\TraceConfiguration.cpp)
c:\tools\src\firebird\src\utilities\ntrace\../../jrd/SimilarToMatcher.h(1189): warning C4267: 'initializing': conversion from 'size_t' to 'int', possible loss of data (compiling source file ..\..\..\src\utilities\ntrace\TraceConfiguration.cpp)
  c:\tools\src\firebird\src\utilities\ntrace\../../jrd/SimilarToMatcher.h(1178): note: while compiling class template member function 'bool Firebird::SimilarToMatcher<Jrd::CanonicalConverter<SimilarConverter>,ULONG>::Evaluator::match(void)' (compiling source file ..\..\..\src\utilities\ntrace\TraceConfiguration.cpp)
  c:\tools\src\firebird\src\utilities\ntrace\../../jrd/SimilarToMatcher.h(401): note: see reference to function template instantiation 'bool Firebird::SimilarToMatcher<Jrd::CanonicalConverter<SimilarConverter>,ULONG>::Evaluator::match(void)' being compiled (compiling source file ..\..\..\src\utilities\ntrace\TraceConfiguration.cpp)
c:\tools\src\firebird\src\utilities\ntrace\../../jrd/SimilarToMatcher.h(1379): warning C4267: 'argument': conversion from 'size_t' to 'ULONG', possible loss of data (compiling source file ..\..\..\src\utilities\ntrace\TraceConfiguration.cpp)
c:\tools\src\firebird\src\utilities\ntrace\../../jrd/SimilarToMatcher.h(1413): warning C4267: 'argument': conversion from 'size_t' to 'ULONG', possible loss of data (compiling source file ..\..\..\src\utilities\ntrace\TraceConfiguration.cpp)
c:\tools\src\firebird\src\utilities\ntrace\../../jrd/SimilarToMatcher.h(514): warning C4267: 'initializing': conversion from 'size_t' to 'int', possible loss of data (compiling source file ..\..\..\src\utilities\ntrace\TraceConfiguration.cpp)
  c:\tools\src\firebird\src\utilities\ntrace\../../jrd/SimilarToMatcher.h(513): note: while compiling class template member function 'void Firebird::SimilarToMatcher<Jrd::CanonicalConverter<SimilarConverter>,ULONG>::Evaluator::parseFactor(int *)' (compiling source file ..\..\..\src\utilities\ntrace\TraceConfiguration.cpp)
  c:\tools\src\firebird\src\utilities\ntrace\../../jrd/SimilarToMatcher.h(495): note: see reference to function template instantiation 'void Firebird::SimilarToMatcher<Jrd::CanonicalConverter<SimilarConverter>,ULONG>::Evaluator::parseFactor(int *)' being compiled (compiling source file ..\..\..\src\utilities\ntrace\TraceConfiguration.cpp)
  c:\tools\src\firebird\src\utilities\ntrace\../../jrd/SimilarToMatcher.h(484): note: while compiling class template member function 'void Firebird::SimilarToMatcher<Jrd::CanonicalConverter<SimilarConverter>,ULONG>::Evaluator::parseTerm(int *)' (compiling source file ..\..\..\src\utilities\ntrace\TraceConfiguration.cpp)
  c:\tools\src\firebird\src\utilities\ntrace\../../jrd/SimilarToMatcher.h(464): note: see reference to function template instantiation 'void Firebird::SimilarToMatcher<Jrd::CanonicalConverter<SimilarConverter>,ULONG>::Evaluator::parseTerm(int *)' being compiled (compiling source file ..\..\..\src\utilities\ntrace\TraceConfiguration.cpp)
  c:\tools\src\firebird\src\utilities\ntrace\../../jrd/SimilarToMatcher.h(444): note: while compiling class template member function 'void Firebird::SimilarToMatcher<Jrd::CanonicalConverter<SimilarConverter>,ULONG>::Evaluator::parseExpr(int *)' (compiling source file ..\..\..\src\utilities\ntrace\TraceConfiguration.cpp)
  c:\tools\src\firebird\src\utilities\ntrace\../../jrd/SimilarToMatcher.h(366): note: see reference to function template instantiation 'void Firebird::SimilarToMatcher<Jrd::CanonicalConverter<SimilarConverter>,ULONG>::Evaluator::parseExpr(int *)' being compiled (compiling source file ..\..\..\src\utilities\ntrace\TraceConfiguration.cpp)
c:\tools\src\firebird\src\utilities\ntrace\../../jrd/SimilarToMatcher.h(542): warning C4267: '=': conversion from 'size_t' to 'int', possible loss of data (compiling source file ..\..\..\src\utilities\ntrace\TraceConfiguration.cpp)
c:\tools\src\firebird\src\utilities\ntrace\../../jrd/SimilarToMatcher.h(556): warning C4267: 'argument': conversion from 'size_t' to 'int', possible loss of data (compiling source file ..\..\..\src\utilities\ntrace\TraceConfiguration.cpp)
c:\tools\src\firebird\src\utilities\ntrace\../../jrd/SimilarToMatcher.h(557): warning C4267: 'argument': conversion from 'size_t' to 'int', possible loss of data (compiling source file ..\..\..\src\utilities\ntrace\TraceConfiguration.cpp)
c:\tools\src\firebird\src\utilities\ntrace\../../jrd/SimilarToMatcher.h(564): warning C4267: 'argument': conversion from 'size_t' to 'int', possible loss of data (compiling source file ..\..\..\src\utilities\ntrace\TraceConfiguration.cpp)
c:\tools\src\firebird\src\utilities\ntrace\../../jrd/SimilarToMatcher.h(570): warning C4267: 'argument': conversion from 'size_t' to 'int', possible loss of data (compiling source file ..\..\..\src\utilities\ntrace\TraceConfiguration.cpp)
c:\tools\src\firebird\src\utilities\ntrace\../../jrd/SimilarToMatcher.h(631): warning C4267: 'argument': conversion from 'size_t' to 'int', possible loss of data (compiling source file ..\..\..\src\utilities\ntrace\TraceConfiguration.cpp)
c:\tools\src\firebird\src\utilities\ntrace\../../jrd/SimilarToMatcher.h(711): warning C4267: 'argument': conversion from 'size_t' to 'SLONG', possible loss of data (compiling source file ..\..\..\src\utilities\ntrace\TraceConfiguration.cpp)
  c:\tools\src\firebird\src\utilities\ntrace\../../jrd/SimilarToMatcher.h(643): note: while compiling class template member function 'void Firebird::SimilarToMatcher<Jrd::CanonicalConverter<SimilarConverter>,ULONG>::Evaluator::parsePrimary(int *)' (compiling source file ..\..\..\src\utilities\ntrace\TraceConfiguration.cpp)
  c:\tools\src\firebird\src\utilities\ntrace\../../jrd/SimilarToMatcher.h(517): note: see reference to function template instantiation 'void Firebird::SimilarToMatcher<Jrd::CanonicalConverter<SimilarConverter>,ULONG>::Evaluator::parsePrimary(int *)' being compiled (compiling source file ..\..\..\src\utilities\ntrace\TraceConfiguration.cpp)
  c:\tools\src\firebird\src\utilities\ntrace\../../jrd/SimilarToMatcher.h(513): note: while compiling class template member function 'void Firebird::SimilarToMatcher<Jrd::CanonicalConverter<SimilarConverter>,ULONG>::Evaluator::parseFactor(int *)' (compiling source file ..\..\..\src\utilities\ntrace\TraceConfiguration.cpp)
  c:\tools\src\firebird\src\utilities\ntrace\../../jrd/SimilarToMatcher.h(495): note: see reference to function template instantiation 'void Firebird::SimilarToMatcher<Jrd::CanonicalConverter<SimilarConverter>,ULONG>::Evaluator::parseFactor(int *)' being compiled (compiling source file ..\..\..\src\utilities\ntrace\TraceConfiguration.cpp)
c:\tools\src\firebird\src\utilities\ntrace\../../jrd/SimilarToMatcher.h(715): warning C4267: '=': conversion from 'size_t' to 'SLONG', possible loss of data (compiling source file ..\..\..\src\utilities\ntrace\TraceConfiguration.cpp)
c:\tools\src\firebird\src\utilities\ntrace\../../jrd/SimilarToMatcher.h(719): warning C4267: 'argument': conversion from 'size_t' to 'SLONG', possible loss of data (compiling source file ..\..\..\src\utilities\ntrace\TraceConfiguration.cpp)
c:\tools\src\firebird\src\utilities\ntrace\../../jrd/SimilarToMatcher.h(724): warning C4267: '=': conversion from 'size_t' to 'SLONG', possible loss of data (compiling source file ..\..\..\src\utilities\ntrace\TraceConfiguration.cpp)
c:\tools\src\firebird\src\utilities\ntrace\../../jrd/SimilarToMatcher.h(788): warning C4267: 'argument': conversion from 'size_t' to 'ULONG', possible loss of data (compiling source file ..\..\..\src\utilities\ntrace\TraceConfiguration.cpp)
c:\tools\src\firebird\src\utilities\ntrace\../../jrd/SimilarToMatcher.h(796): warning C4267: 'argument': conversion from 'size_t' to 'ULONG', possible loss of data (compiling source file ..\..\..\src\utilities\ntrace\TraceConfiguration.cpp)
c:\tools\src\firebird\src\utilities\ntrace\../../jrd/SimilarToMatcher.h(799): warning C4267: 'argument': conversion from 'size_t' to 'ULONG', possible loss of data (compiling source file ..\..\..\src\utilities\ntrace\TraceConfiguration.cpp)
c:\tools\src\firebird\src\utilities\ntrace\../../jrd/SimilarToMatcher.h(827): warning C4267: 'initializing': conversion from 'size_t' to 'int', possible loss of data (compiling source file ..\..\..\src\utilities\ntrace\TraceConfiguration.cpp)
c:\tools\src\firebird\src\utilities\ntrace\../../jrd/SimilarToMatcher.h(827): warning C4267: 'initializing': conversion from 'size_t' to 'const int', possible loss of data (compiling source file ..\..\..\src\utilities\ntrace\TraceConfiguration.cpp)
c:\tools\src\firebird\src\utilities\ntrace\../../jrd/SimilarToMatcher.h(865): warning C4267: 'argument': conversion from 'size_t' to 'SLONG', possible loss of data (compiling source file ..\..\..\src\utilities\ntrace\TraceConfiguration.cpp)
c:\tools\src\firebird\src\utilities\ntrace\../../jrd/SimilarToMatcher.h(869): warning C4267: '=': conversion from 'size_t' to 'SLONG', possible loss of data (compiling source file ..\..\..\src\utilities\ntrace\TraceConfiguration.cpp)
c:\tools\src\firebird\src\utilities\ntrace\../../jrd/SimilarToMatcher.h(873): warning C4267: 'argument': conversion from 'size_t' to 'SLONG', possible loss of data (compiling source file ..\..\..\src\utilities\ntrace\TraceConfiguration.cpp)
c:\tools\src\firebird\src\utilities\ntrace\../../jrd/SimilarToMatcher.h(878): warning C4267: '=': conversion from 'size_t' to 'SLONG', possible loss of data (compiling source file ..\..\..\src\utilities\ntrace\TraceConfiguration.cpp)
c:\tools\src\firebird\src\jrd\../jrd/CsConvert.h(73): warning C4267: 'argument': conversion from 'size_t' to 'ULONG', possible loss of data (compiling source file ..\..\..\src\utilities\ntrace\TracePluginImpl.cpp)
c:\tools\src\firebird\src\jrd\../jrd/CsConvert.h(73): warning C4267: 'argument': conversion from 'size_t' to 'ULONG', possible loss of data (compiling source file ..\..\..\src\utilities\ntrace\TraceUnicodeUtils.cpp)
  CharSet.cpp
  fbsyslog.cpp
  gds.cpp
  IntlUtil.cpp
..\..\..\src\utilities\ntrace\TracePluginImpl.cpp(177): warning C4267: 'argument': conversion from 'size_t' to 'SLONG', possible loss of data
..\..\..\src\utilities\ntrace\TracePluginImpl.cpp(188): warning C4267: 'argument': conversion from 'size_t' to 'SLONG', possible loss of data
..\..\..\src\utilities\ntrace\TracePluginImpl.cpp(1318): warning C4267: 'argument': conversion from 'size_t' to 'SLONG', possible loss of data
..\..\..\src\utilities\ntrace\TracePluginImpl.cpp(1325): warning C4267: 'argument': conversion from 'size_t' to 'SLONG', possible loss of data
..\..\..\src\utilities\ntrace\TracePluginImpl.cpp(1713): warning C4267: 'initializing': conversion from 'size_t' to 'int', possible loss of data
..\..\..\src\utilities\ntrace\TracePluginImpl.cpp(1713): warning C4267: 'initializing': conversion from 'size_t' to 'const int', possible loss of data
c:\tools\src\firebird\src\jrd\../jrd/CsConvert.h(73): warning C4267: 'argument': conversion from 'size_t' to 'ULONG', possible loss of data (compiling source file ..\..\..\src\jrd\CharSet.cpp)
c:\tools\src\firebird\src\utilities\ntrace\../../jrd/SimilarToMatcher.h(388): warning C4267: 'initializing': conversion from 'size_t' to 'SLONG', possible loss of data (compiling source file ..\..\..\src\utilities\ntrace\TracePluginImpl.cpp)
  c:\tools\src\firebird\src\utilities\ntrace\../../jrd/SimilarToMatcher.h(386): note: while compiling class template member function 'bool Firebird::SimilarToMatcher<Jrd::CanonicalConverter<Jrd::UpcaseConverter<Jrd::NullStrConverter>>,ULONG>::Evaluator::getResult(void)' (compiling source file ..\..\..\src\utilities\ntrace\TracePluginImpl.cpp)
  c:\tools\src\firebird\src\utilities\ntrace\../../jrd/SimilarToMatcher.h(273): note: see reference to function template instantiation 'bool Firebird::SimilarToMatcher<Jrd::CanonicalConverter<Jrd::UpcaseConverter<Jrd::NullStrConverter>>,ULONG>::Evaluator::getResult(void)' being compiled (compiling source file ..\..\..\src\utilities\ntrace\TracePluginImpl.cpp)
  c:\tools\src\firebird\src\utilities\ntrace\../../jrd/SimilarToMatcher.h(314): note: see reference to class template instantiation 'Firebird::SimilarToMatcher<Jrd::CanonicalConverter<Jrd::UpcaseConverter<Jrd::NullStrConverter>>,ULONG>::Evaluator' being compiled (compiling source file ..\..\..\src\utilities\ntrace\TracePluginImpl.cpp)
  ..\..\..\src\utilities\ntrace\TracePluginImpl.cpp(175): note: see reference to class template instantiation 'Firebird::SimilarToMatcher<Jrd::CanonicalConverter<Jrd::UpcaseConverter<Jrd::NullStrConverter>>,ULONG>' being compiled
c:\tools\src\firebird\src\utilities\ntrace\../../jrd/SimilarToMatcher.h(459): warning C4267: '=': conversion from 'size_t' to 'int', possible loss of data (compiling source file ..\..\..\src\utilities\ntrace\TracePluginImpl.cpp)
  c:\tools\src\firebird\src\utilities\ntrace\../../jrd/SimilarToMatcher.h(444): note: while compiling class template member function 'void Firebird::SimilarToMatcher<Jrd::CanonicalConverter<Jrd::UpcaseConverter<Jrd::NullStrConverter>>,ULONG>::Evaluator::parseExpr(int *)' (compiling source file ..\..\..\src\utilities\ntrace\TracePluginImpl.cpp)
  c:\tools\src\firebird\src\utilities\ntrace\../../jrd/SimilarToMatcher.h(366): note: see reference to function template instantiation 'void Firebird::SimilarToMatcher<Jrd::CanonicalConverter<Jrd::UpcaseConverter<Jrd::NullStrConverter>>,ULONG>::Evaluator::parseExpr(int *)' being compiled (compiling source file ..\..\..\src\utilities\ntrace\TracePluginImpl.cpp)
  c:\tools\src\firebird\src\utilities\ntrace\../../jrd/SimilarToMatcher.h(323): note: while compiling class template member function 'Firebird::SimilarToMatcher<Jrd::CanonicalConverter<Jrd::UpcaseConverter<Jrd::NullStrConverter>>,ULONG>::Evaluator::Evaluator(Firebird::MemoryPool &,Firebird::SimilarToMatcher<Jrd::CanonicalConverter<Jrd::UpcaseConverter<Jrd::NullStrConverter>>,ULONG>::TextType *,const UCHAR *,SLONG,CharType,bool)'
          with
          [
              CharType=ULONG
          ] (compiling source file ..\..\..\src\utilities\ntrace\TracePluginImpl.cpp)
  c:\tools\src\firebird\src\utilities\ntrace\../../jrd/SimilarToMatcher.h(262): note: see reference to function template instantiation 'Firebird::SimilarToMatcher<Jrd::CanonicalConverter<Jrd::UpcaseConverter<Jrd::NullStrConverter>>,ULONG>::Evaluator::Evaluator(Firebird::MemoryPool &,Firebird::SimilarToMatcher<Jrd::CanonicalConverter<Jrd::UpcaseConverter<Jrd::NullStrConverter>>,ULONG>::TextType *,const UCHAR *,SLONG,CharType,bool)' being compiled
          with
          [
              CharType=ULONG
          ] (compiling source file ..\..\..\src\utilities\ntrace\TracePluginImpl.cpp)
c:\tools\src\firebird\src\utilities\ntrace\../../jrd/SimilarToMatcher.h(468): warning C4267: 'argument': conversion from 'size_t' to 'const int', possible loss of data (compiling source file ..\..\..\src\utilities\ntrace\TracePluginImpl.cpp)
c:\tools\src\firebird\src\utilities\ntrace\../../jrd/SimilarToMatcher.h(472): warning C4267: '=': conversion from 'size_t' to 'int', possible loss of data (compiling source file ..\..\..\src\utilities\ntrace\TracePluginImpl.cpp)
c:\tools\src\firebird\src\utilities\ntrace\../../jrd/SimilarToMatcher.h(478): warning C4267: '=': conversion from 'size_t' to 'int', possible loss of data (compiling source file ..\..\..\src\utilities\ntrace\TracePluginImpl.cpp)
c:\tools\src\firebird\src\utilities\ntrace\../../jrd/SimilarToMatcher.h(1189): warning C4267: 'initializing': conversion from 'size_t' to 'int', possible loss of data (compiling source file ..\..\..\src\utilities\ntrace\TracePluginImpl.cpp)
  c:\tools\src\firebird\src\utilities\ntrace\../../jrd/SimilarToMatcher.h(1178): note: while compiling class template member function 'bool Firebird::SimilarToMatcher<Jrd::CanonicalConverter<Jrd::UpcaseConverter<Jrd::NullStrConverter>>,ULONG>::Evaluator::match(void)' (compiling source file ..\..\..\src\utilities\ntrace\TracePluginImpl.cpp)
  c:\tools\src\firebird\src\utilities\ntrace\../../jrd/SimilarToMatcher.h(401): note: see reference to function template instantiation 'bool Firebird::SimilarToMatcher<Jrd::CanonicalConverter<Jrd::UpcaseConverter<Jrd::NullStrConverter>>,ULONG>::Evaluator::match(void)' being compiled (compiling source file ..\..\..\src\utilities\ntrace\TracePluginImpl.cpp)
c:\tools\src\firebird\src\utilities\ntrace\../../jrd/SimilarToMatcher.h(1379): warning C4267: 'argument': conversion from 'size_t' to 'ULONG', possible loss of data (compiling source file ..\..\..\src\utilities\ntrace\TracePluginImpl.cpp)
c:\tools\src\firebird\src\utilities\ntrace\../../jrd/SimilarToMatcher.h(1413): warning C4267: 'argument': conversion from 'size_t' to 'ULONG', possible loss of data (compiling source file ..\..\..\src\utilities\ntrace\TracePluginImpl.cpp)
c:\tools\src\firebird\src\utilities\ntrace\../../jrd/SimilarToMatcher.h(514): warning C4267: 'initializing': conversion from 'size_t' to 'int', possible loss of data (compiling source file ..\..\..\src\utilities\ntrace\TracePluginImpl.cpp)
  c:\tools\src\firebird\src\utilities\ntrace\../../jrd/SimilarToMatcher.h(513): note: while compiling class template member function 'void Firebird::SimilarToMatcher<Jrd::CanonicalConverter<Jrd::UpcaseConverter<Jrd::NullStrConverter>>,ULONG>::Evaluator::parseFactor(int *)' (compiling source file ..\..\..\src\utilities\ntrace\TracePluginImpl.cpp)
  c:\tools\src\firebird\src\utilities\ntrace\../../jrd/SimilarToMatcher.h(495): note: see reference to function template instantiation 'void Firebird::SimilarToMatcher<Jrd::CanonicalConverter<Jrd::UpcaseConverter<Jrd::NullStrConverter>>,ULONG>::Evaluator::parseFactor(int *)' being compiled (compiling source file ..\..\..\src\utilities\ntrace\TracePluginImpl.cpp)
  c:\tools\src\firebird\src\utilities\ntrace\../../jrd/SimilarToMatcher.h(484): note: while compiling class template member function 'void Firebird::SimilarToMatcher<Jrd::CanonicalConverter<Jrd::UpcaseConverter<Jrd::NullStrConverter>>,ULONG>::Evaluator::parseTerm(int *)' (compiling source file ..\..\..\src\utilities\ntrace\TracePluginImpl.cpp)
  c:\tools\src\firebird\src\utilities\ntrace\../../jrd/SimilarToMatcher.h(464): note: see reference to function template instantiation 'void Firebird::SimilarToMatcher<Jrd::CanonicalConverter<Jrd::UpcaseConverter<Jrd::NullStrConverter>>,ULONG>::Evaluator::parseTerm(int *)' being compiled (compiling source file ..\..\..\src\utilities\ntrace\TracePluginImpl.cpp)
  c:\tools\src\firebird\src\utilities\ntrace\../../jrd/SimilarToMatcher.h(444): note: while compiling class template member function 'void Firebird::SimilarToMatcher<Jrd::CanonicalConverter<Jrd::UpcaseConverter<Jrd::NullStrConverter>>,ULONG>::Evaluator::parseExpr(int *)' (compiling source file ..\..\..\src\utilities\ntrace\TracePluginImpl.cpp)
  c:\tools\src\firebird\src\utilities\ntrace\../../jrd/SimilarToMatcher.h(366): note: see reference to function template instantiation 'void Firebird::SimilarToMatcher<Jrd::CanonicalConverter<Jrd::UpcaseConverter<Jrd::NullStrConverter>>,ULONG>::Evaluator::parseExpr(int *)' being compiled (compiling source file ..\..\..\src\utilities\ntrace\TracePluginImpl.cpp)
c:\tools\src\firebird\src\utilities\ntrace\../../jrd/SimilarToMatcher.h(542): warning C4267: '=': conversion from 'size_t' to 'int', possible loss of data (compiling source file ..\..\..\src\utilities\ntrace\TracePluginImpl.cpp)
c:\tools\src\firebird\src\utilities\ntrace\../../jrd/SimilarToMatcher.h(556): warning C4267: 'argument': conversion from 'size_t' to 'int', possible loss of data (compiling source file ..\..\..\src\utilities\ntrace\TracePluginImpl.cpp)
c:\tools\src\firebird\src\utilities\ntrace\../../jrd/SimilarToMatcher.h(557): warning C4267: 'argument': conversion from 'size_t' to 'int', possible loss of data (compiling source file ..\..\..\src\utilities\ntrace\TracePluginImpl.cpp)
c:\tools\src\firebird\src\utilities\ntrace\../../jrd/SimilarToMatcher.h(564): warning C4267: 'argument': conversion from 'size_t' to 'int', possible loss of data (compiling source file ..\..\..\src\utilities\ntrace\TracePluginImpl.cpp)
c:\tools\src\firebird\src\utilities\ntrace\../../jrd/SimilarToMatcher.h(570): warning C4267: 'argument': conversion from 'size_t' to 'int', possible loss of data (compiling source file ..\..\..\src\utilities\ntrace\TracePluginImpl.cpp)
c:\tools\src\firebird\src\utilities\ntrace\../../jrd/SimilarToMatcher.h(631): warning C4267: 'argument': conversion from 'size_t' to 'int', possible loss of data (compiling source file ..\..\..\src\utilities\ntrace\TracePluginImpl.cpp)
c:\tools\src\firebird\src\utilities\ntrace\../../jrd/SimilarToMatcher.h(711): warning C4267: 'argument': conversion from 'size_t' to 'SLONG', possible loss of data (compiling source file ..\..\..\src\utilities\ntrace\TracePluginImpl.cpp)
  c:\tools\src\firebird\src\utilities\ntrace\../../jrd/SimilarToMatcher.h(643): note: while compiling class template member function 'void Firebird::SimilarToMatcher<Jrd::CanonicalConverter<Jrd::UpcaseConverter<Jrd::NullStrConverter>>,ULONG>::Evaluator::parsePrimary(int *)' (compiling source file ..\..\..\src\utilities\ntrace\TracePluginImpl.cpp)
  c:\tools\src\firebird\src\utilities\ntrace\../../jrd/SimilarToMatcher.h(517): note: see reference to function template instantiation 'void Firebird::SimilarToMatcher<Jrd::CanonicalConverter<Jrd::UpcaseConverter<Jrd::NullStrConverter>>,ULONG>::Evaluator::parsePrimary(int *)' being compiled (compiling source file ..\..\..\src\utilities\ntrace\TracePluginImpl.cpp)
  c:\tools\src\firebird\src\utilities\ntrace\../../jrd/SimilarToMatcher.h(513): note: while compiling class template member function 'void Firebird::SimilarToMatcher<Jrd::CanonicalConverter<Jrd::UpcaseConverter<Jrd::NullStrConverter>>,ULONG>::Evaluator::parseFactor(int *)' (compiling source file ..\..\..\src\utilities\ntrace\TracePluginImpl.cpp)
  c:\tools\src\firebird\src\utilities\ntrace\../../jrd/SimilarToMatcher.h(495): note: see reference to function template instantiation 'void Firebird::SimilarToMatcher<Jrd::CanonicalConverter<Jrd::UpcaseConverter<Jrd::NullStrConverter>>,ULONG>::Evaluator::parseFactor(int *)' being compiled (compiling source file ..\..\..\src\utilities\ntrace\TracePluginImpl.cpp)
c:\tools\src\firebird\src\utilities\ntrace\../../jrd/SimilarToMatcher.h(715): warning C4267: '=': conversion from 'size_t' to 'SLONG', possible loss of data (compiling source file ..\..\..\src\utilities\ntrace\TracePluginImpl.cpp)
c:\tools\src\firebird\src\utilities\ntrace\../../jrd/SimilarToMatcher.h(719): warning C4267: 'argument': conversion from 'size_t' to 'SLONG', possible loss of data (compiling source file ..\..\..\src\utilities\ntrace\TracePluginImpl.cpp)
c:\tools\src\firebird\src\utilities\ntrace\../../jrd/SimilarToMatcher.h(724): warning C4267: '=': conversion from 'size_t' to 'SLONG', possible loss of data (compiling source file ..\..\..\src\utilities\ntrace\TracePluginImpl.cpp)
c:\tools\src\firebird\src\utilities\ntrace\../../jrd/SimilarToMatcher.h(788): warning C4267: 'argument': conversion from 'size_t' to 'ULONG', possible loss of data (compiling source file ..\..\..\src\utilities\ntrace\TracePluginImpl.cpp)
c:\tools\src\firebird\src\utilities\ntrace\../../jrd/SimilarToMatcher.h(796): warning C4267: 'argument': conversion from 'size_t' to 'ULONG', possible loss of data (compiling source file ..\..\..\src\utilities\ntrace\TracePluginImpl.cpp)
c:\tools\src\firebird\src\utilities\ntrace\../../jrd/SimilarToMatcher.h(799): warning C4267: 'argument': conversion from 'size_t' to 'ULONG', possible loss of data (compiling source file ..\..\..\src\utilities\ntrace\TracePluginImpl.cpp)
c:\tools\src\firebird\src\utilities\ntrace\../../jrd/SimilarToMatcher.h(827): warning C4267: 'initializing': conversion from 'size_t' to 'int', possible loss of data (compiling source file ..\..\..\src\utilities\ntrace\TracePluginImpl.cpp)
c:\tools\src\firebird\src\utilities\ntrace\../../jrd/SimilarToMatcher.h(827): warning C4267: 'initializing': conversion from 'size_t' to 'const int', possible loss of data (compiling source file ..\..\..\src\utilities\ntrace\TracePluginImpl.cpp)
c:\tools\src\firebird\src\utilities\ntrace\../../jrd/SimilarToMatcher.h(865): warning C4267: 'argument': conversion from 'size_t' to 'SLONG', possible loss of data (compiling source file ..\..\..\src\utilities\ntrace\TracePluginImpl.cpp)
c:\tools\src\firebird\src\utilities\ntrace\../../jrd/SimilarToMatcher.h(869): warning C4267: '=': conversion from 'size_t' to 'SLONG', possible loss of data (compiling source file ..\..\..\src\utilities\ntrace\TracePluginImpl.cpp)
c:\tools\src\firebird\src\utilities\ntrace\../../jrd/SimilarToMatcher.h(873): warning C4267: 'argument': conversion from 'size_t' to 'SLONG', possible loss of data (compiling source file ..\..\..\src\utilities\ntrace\TracePluginImpl.cpp)
c:\tools\src\firebird\src\utilities\ntrace\../../jrd/SimilarToMatcher.h(878): warning C4267: '=': conversion from 'size_t' to 'SLONG', possible loss of data (compiling source file ..\..\..\src\utilities\ntrace\TracePluginImpl.cpp)
c:\tools\src\firebird\src\jrd\../jrd/CsConvert.h(73): warning C4267: 'argument': conversion from 'size_t' to 'ULONG', possible loss of data (compiling source file ..\..\..\src\jrd\IntlUtil.cpp)
..\..\..\src\jrd\gds.cpp(859): warning C4267: 'argument': conversion from 'size_t' to 'unsigned int', possible loss of data
..\..\..\src\jrd\gds.cpp(873): warning C4267: 'argument': conversion from 'size_t' to 'unsigned int', possible loss of data
..\..\..\src\jrd\gds.cpp(921): warning C4267: 'argument': conversion from 'size_t' to 'DWORD', possible loss of data
..\..\..\src\jrd\gds.cpp(924): warning C4267: 'argument': conversion from 'size_t' to 'DWORD', possible loss of data
..\..\..\src\jrd\gds.cpp(880): warning C4477: 'sprintf' : format string '%ld' requires an argument of type 'long', but variadic argument 1 has type 'ISC_STATUS'
  ..\..\..\src\jrd\gds.cpp(880): note: consider using '%Id' in the format string
..\..\..\src\jrd\gds.cpp(911): warning C4477: 'sprintf' : format string '%ld' requires an argument of type 'long', but variadic argument 1 has type 'ISC_STATUS'
  ..\..\..\src\jrd\gds.cpp(911): note: consider using '%Id' in the format string
..\..\..\src\jrd\gds.cpp(915): warning C4477: 'sprintf' : format string '%ld' requires an argument of type 'long', but variadic argument 1 has type 'ISC_STATUS'
  ..\..\..\src\jrd\gds.cpp(915): note: consider using '%Id' in the format string
..\..\..\src\jrd\gds.cpp(927): warning C4477: 'sprintf' : format string '%ld' requires an argument of type 'long', but variadic argument 1 has type 'ISC_STATUS'
  ..\..\..\src\jrd\gds.cpp(927): note: consider using '%Id' in the format string
..\..\..\src\jrd\gds.cpp(1040): warning C4267: '=': conversion from 'size_t' to 'unsigned int', possible loss of data
..\..\..\src\jrd\gds.cpp(1418): warning C4267: 'initializing': conversion from 'size_t' to 'USHORT', possible loss of data
..\..\..\src\jrd\gds.cpp(1418): warning C4267: 'initializing': conversion from 'size_t' to 'const USHORT', possible loss of data
  isc.cpp
..\..\..\src\jrd\IntlUtil.cpp(316): warning C4267: '=': conversion from 'size_t' to 'ULONG', possible loss of data
..\..\..\src\jrd\IntlUtil.cpp(318): warning C4267: 'return': conversion from 'size_t' to 'ULONG', possible loss of data
..\..\..\src\jrd\IntlUtil.cpp(364): warning C4267: '=': conversion from 'size_t' to 'ULONG', possible loss of data
..\..\..\src\jrd\IntlUtil.cpp(366): warning C4267: 'return': conversion from 'size_t' to 'ULONG', possible loss of data
..\..\..\src\jrd\IntlUtil.cpp(467): warning C4267: 'argument': conversion from 'size_t' to 'ULONG', possible loss of data
..\..\..\src\jrd\IntlUtil.cpp(489): warning C4267: 'argument': conversion from 'size_t' to 'ULONG', possible loss of data
..\..\..\src\jrd\IntlUtil.cpp(492): warning C4267: 'argument': conversion from 'size_t' to 'ULONG', possible loss of data
..\..\..\src\jrd\IntlUtil.cpp(495): warning C4267: 'argument': conversion from 'size_t' to 'ULONG', possible loss of data
..\..\..\src\jrd\IntlUtil.cpp(498): warning C4267: 'argument': conversion from 'size_t' to 'ULONG', possible loss of data
..\..\..\src\jrd\IntlUtil.cpp(573): warning C4267: 'argument': conversion from 'size_t' to 'ULONG', possible loss of data
..\..\..\src\jrd\IntlUtil.cpp(608): warning C4267: 'argument': conversion from 'size_t' to 'ULONG', possible loss of data
..\..\..\src\jrd\IntlUtil.cpp(761): warning C4267: 'argument': conversion from 'size_t' to 'ULONG', possible loss of data
..\..\..\src\jrd\IntlUtil.cpp(806): warning C4267: 'argument': conversion from 'size_t' to 'ULONG', possible loss of data
..\..\..\src\jrd\IntlUtil.cpp(825): warning C4267: 'argument': conversion from 'size_t' to 'ULONG', possible loss of data
..\..\..\src\jrd\IntlUtil.cpp(867): warning C4267: 'argument': conversion from 'size_t' to 'ULONG', possible loss of data
  isc_file.cpp
  isc_ipc.cpp
  isc_sync.cpp
  os_utils.cpp
  path_utils.cpp
..\..\..\src\jrd\isc_file.cpp(1594): warning C4267: 'argument': conversion from 'size_t' to 'int', possible loss of data
..\..\..\src\jrd\isc_file.cpp(1620): warning C4267: 'argument': conversion from 'size_t' to 'int', possible loss of data
..\..\..\src\jrd\isc_sync.cpp(2129): warning C4267: 'argument': conversion from 'size_t' to 'SLONG', possible loss of data
  TextType.cpp
  unicode_util.cpp
c:\tools\src\firebird\src\jrd\CsConvert.h(73): warning C4267: 'argument': conversion from 'size_t' to 'ULONG', possible loss of data (compiling source file ..\..\..\src\jrd\unicode_util.cpp)
..\..\..\src\jrd\unicode_util.cpp(40): fatal error C1083: Cannot open include file: 'unicode/ustring.h': No such file or directory
c:\tools\src\firebird\src\jrd\../jrd/CsConvert.h(73): warning C4267: 'argument': conversion from 'size_t' to 'ULONG', possible loss of data (compiling source file ..\..\..\src\jrd\TextType.cpp)
