c:\digitalglobetemp\src\expat\source\win32\bin\debug\expatw.bsc
c:\digitalglobetemp\src\expat\source\win32\tmp\debug-w\vc140.pdb
c:\digitalglobetemp\src\expat\source\win32\tmp\debug-w\vc140.idb
c:\digitalglobetemp\src\expat\source\win32\tmp\debug-w\xmlparse.sbr
c:\digitalglobetemp\src\expat\source\win32\tmp\debug-w\xmlparse.obj
c:\digitalglobetemp\src\expat\source\win32\tmp\debug-w\xmlrole.sbr
c:\digitalglobetemp\src\expat\source\win32\tmp\debug-w\xmltok.sbr
c:\digitalglobetemp\src\expat\source\win32\tmp\debug-w\xmltok_impl.sbr
c:\digitalglobetemp\src\expat\source\win32\tmp\debug-w\xmltok_ns.sbr
c:\digitalglobetemp\src\expat\source\win32\tmp\debug-w\xmltok_ns.obj
c:\digitalglobetemp\src\expat\source\win32\tmp\debug-w\xmltok_impl.obj
c:\digitalglobetemp\src\expat\source\win32\tmp\debug-w\xmltok.obj
c:\digitalglobetemp\src\expat\source\win32\tmp\debug-w\xmlrole.obj
c:\digitalglobetemp\src\expat\source\win32\bin\debug\libexpatw.lib
c:\digitalglobetemp\src\expat\source\win32\bin\debug\libexpatw.exp
c:\digitalglobetemp\src\expat\source\win32\bin\debug\libexpatw_d.ilk
c:\digitalglobetemp\src\expat\source\win32\bin\debug\libexpatw_d.dll
c:\digitalglobetemp\src\expat\source\win32\bin\debug\libexpatw_d.pdb
c:\digitalglobetemp\src\expat\source\lib\.\..\win32\bin\debug\libexpatw_d.dll
c:\digitalglobetemp\src\expat\source\win32\tmp\debug-w\expatw.tlog\bscmake.command.1.tlog
c:\digitalglobetemp\src\expat\source\win32\tmp\debug-w\expatw.tlog\bscmake.read.1.tlog
c:\digitalglobetemp\src\expat\source\win32\tmp\debug-w\expatw.tlog\bscmake.write.1.tlog
c:\digitalglobetemp\src\expat\source\win32\tmp\debug-w\expatw.tlog\cl.command.1.tlog
c:\digitalglobetemp\src\expat\source\win32\tmp\debug-w\expatw.tlog\cl.read.1.tlog
c:\digitalglobetemp\src\expat\source\win32\tmp\debug-w\expatw.tlog\cl.write.1.tlog
c:\digitalglobetemp\src\expat\source\win32\tmp\debug-w\expatw.tlog\expatw.write.1u.tlog
c:\digitalglobetemp\src\expat\source\win32\tmp\debug-w\expatw.tlog\link.command.1.tlog
c:\digitalglobetemp\src\expat\source\win32\tmp\debug-w\expatw.tlog\link.read.1.tlog
c:\digitalglobetemp\src\expat\source\win32\tmp\debug-w\expatw.tlog\link.write.1.tlog
