c:\surge\digitalglobe\tools\src\ogdi\ogdi\librpc\x64\release\librpc.pdb
c:\surge\digitalglobe\tools\src\ogdi\ogdi\librpc\x64\release\pmap_pr.obj
c:\surge\digitalglobe\tools\src\ogdi\ogdi\librpc\x64\release\pmap_gma.obj
c:\surge\digitalglobe\tools\src\ogdi\ogdi\librpc\x64\release\pmap_get.obj
c:\surge\digitalglobe\tools\src\ogdi\ogdi\librpc\x64\release\pmap_cln.obj
c:\surge\digitalglobe\tools\src\ogdi\ogdi\librpc\x64\release\nt.obj
c:\surge\digitalglobe\tools\src\ogdi\ogdi\librpc\x64\release\get_myad.obj
c:\surge\digitalglobe\tools\src\ogdi\ogdi\librpc\x64\release\getrpcpo.obj
c:\surge\digitalglobe\tools\src\ogdi\ogdi\librpc\x64\release\getrpcen.obj
c:\surge\digitalglobe\tools\src\ogdi\ogdi\librpc\x64\release\getopt.obj
c:\surge\digitalglobe\tools\src\ogdi\ogdi\librpc\x64\release\clnt_udp.obj
c:\surge\digitalglobe\tools\src\ogdi\ogdi\librpc\x64\release\clnt_tcp.obj
c:\surge\digitalglobe\tools\src\ogdi\ogdi\librpc\x64\release\clnt_sim.obj
c:\surge\digitalglobe\tools\src\ogdi\ogdi\librpc\x64\release\clnt_raw.obj
c:\surge\digitalglobe\tools\src\ogdi\ogdi\librpc\x64\release\clnt_per.obj
c:\surge\digitalglobe\tools\src\ogdi\ogdi\librpc\x64\release\clnt_gen.obj
c:\surge\digitalglobe\tools\src\ogdi\ogdi\librpc\x64\release\bindresv.obj
c:\surge\digitalglobe\tools\src\ogdi\ogdi\librpc\x64\release\bcopy.obj
c:\surge\digitalglobe\tools\src\ogdi\ogdi\librpc\x64\release\auth_uni.obj
c:\surge\digitalglobe\tools\src\ogdi\ogdi\librpc\x64\release\auth_non.obj
c:\surge\digitalglobe\tools\src\ogdi\ogdi\librpc\x64\release\authunix.obj
c:\surge\digitalglobe\tools\src\ogdi\ogdi\librpc\x64\release\xdr_mem.obj
c:\surge\digitalglobe\tools\src\ogdi\ogdi\librpc\x64\release\xdr_floa.obj
c:\surge\digitalglobe\tools\src\ogdi\ogdi\librpc\x64\release\xdr_arra.obj
c:\surge\digitalglobe\tools\src\ogdi\ogdi\librpc\x64\release\xdrrefer.obj
c:\surge\digitalglobe\tools\src\ogdi\ogdi\librpc\x64\release\xdr.obj
c:\surge\digitalglobe\tools\src\ogdi\ogdi\librpc\x64\release\svc_udp.obj
c:\surge\digitalglobe\tools\src\ogdi\ogdi\librpc\x64\release\svc_tcp.obj
c:\surge\digitalglobe\tools\src\ogdi\ogdi\librpc\x64\release\svc_simp.obj
c:\surge\digitalglobe\tools\src\ogdi\ogdi\librpc\x64\release\svc_run.obj
c:\surge\digitalglobe\tools\src\ogdi\ogdi\librpc\x64\release\svc_raw.obj
c:\surge\digitalglobe\tools\src\ogdi\ogdi\librpc\x64\release\svc_autu.obj
c:\surge\digitalglobe\tools\src\ogdi\ogdi\librpc\x64\release\svc_auth.obj
c:\surge\digitalglobe\tools\src\ogdi\ogdi\librpc\x64\release\svc.obj
c:\surge\digitalglobe\tools\src\ogdi\ogdi\librpc\x64\release\rpc_prot.obj
c:\surge\digitalglobe\tools\src\ogdi\ogdi\librpc\x64\release\rpc_comm.obj
c:\surge\digitalglobe\tools\src\ogdi\ogdi\librpc\x64\release\rpc_call.obj
c:\surge\digitalglobe\tools\src\ogdi\ogdi\librpc\x64\release\rpcinfo.obj
c:\surge\digitalglobe\tools\src\ogdi\ogdi\librpc\x64\release\portmap.obj
c:\surge\digitalglobe\tools\src\ogdi\ogdi\librpc\x64\release\pmap_rmt.obj
c:\surge\digitalglobe\tools\src\ogdi\ogdi\librpc\x64\release\pmap_pro.obj
c:\surge\digitalglobe\tools\src\ogdi\ogdi\librpc\x64\release\xdr_stdi.obj
c:\surge\digitalglobe\tools\src\ogdi\ogdi\librpc\x64\release\xdr_refe.obj
c:\surge\digitalglobe\tools\src\ogdi\ogdi\librpc\x64\release\xdr_rec.obj
c:\surge\digitalglobe\tools\src\ogdi\ogdi\x64\release\librpc.lib
c:\surge\digitalglobe\tools\src\ogdi\ogdi\librpc\x64\release\librpc.tlog\cl.command.1.tlog
c:\surge\digitalglobe\tools\src\ogdi\ogdi\librpc\x64\release\librpc.tlog\cl.read.1.tlog
c:\surge\digitalglobe\tools\src\ogdi\ogdi\librpc\x64\release\librpc.tlog\cl.write.1.tlog
c:\surge\digitalglobe\tools\src\ogdi\ogdi\librpc\x64\release\librpc.tlog\lib-link.read.1.tlog
c:\surge\digitalglobe\tools\src\ogdi\ogdi\librpc\x64\release\librpc.tlog\lib-link.write.1.tlog
c:\surge\digitalglobe\tools\src\ogdi\ogdi\librpc\x64\release\librpc.tlog\lib.command.1.tlog
