  atom_util.cc
  convenience.cc
  csv_file.cc
  csv_parser.cc
..\src\kml\convenience\csv_parser.cc(107): warning C4267: 'argument': conversion from 'size_t' to 'const int', possible loss of data
..\src\kml\convenience\csv_parser.cc(151): warning C4267: 'argument': conversion from 'size_t' to 'const int', possible loss of data
  feature_list.cc
  google_doc_list.cc
..\src\kml\convenience\google_doc_list.cc(65): warning C4996: 'getenv': This function or variable may be unsafe. Consider using _dupenv_s instead. To disable deprecation, use _CRT_SECURE_NO_WARNINGS. See online help for details.
  C:\Program Files (x86)\Windows Kits\10\Include\10.0.10240.0\ucrt\stdlib.h(1183): note: see declaration of 'getenv'
  google_maps_data.cc
..\src\kml\convenience\google_maps_data.cc(61): warning C4996: 'getenv': This function or variable may be unsafe. Consider using _dupenv_s instead. To disable deprecation, use _CRT_SECURE_NO_WARNINGS. See online help for details.
  C:\Program Files (x86)\Windows Kits\10\Include\10.0.10240.0\ucrt\stdlib.h(1183): note: see declaration of 'getenv'
  google_picasa_web.cc
..\src\kml\convenience\google_picasa_web.cc(67): warning C4996: 'getenv': This function or variable may be unsafe. Consider using _dupenv_s instead. To disable deprecation, use _CRT_SECURE_NO_WARNINGS. See online help for details.
  C:\Program Files (x86)\Windows Kits\10\Include\10.0.10240.0\ucrt\stdlib.h(1183): note: see declaration of 'getenv'
  google_spreadsheets.cc
..\src\kml\convenience\google_spreadsheets.cc(55): warning C4996: 'getenv': This function or variable may be unsafe. Consider using _dupenv_s instead. To disable deprecation, use _CRT_SECURE_NO_WARNINGS. See online help for details.
  C:\Program Files (x86)\Windows Kits\10\Include\10.0.10240.0\ucrt\stdlib.h(1183): note: see declaration of 'getenv'
  http_client.cc
  kmz_check_links.cc
  stdafx.cpp
  Generating Code...
  libkmlconvenience.vcxproj -> C:\DigitalGlobe\LibKml\msvc\x64\Debug\libkmlconvenience_d.lib
