c:\surge\digitalglobe\tools\src\muparser\build\msvc2013\obj\vc_shared_dbg\muparser\muparsercallback.obj
c:\surge\digitalglobe\tools\src\muparser\build\msvc2013\obj\vc_shared_dbg\muparser\muparsertokenreader.obj
c:\surge\digitalglobe\tools\src\muparser\build\msvc2013\obj\vc_shared_dbg\muparser\muparserbytecode.obj
c:\surge\digitalglobe\tools\src\muparser\build\msvc2013\obj\vc_shared_dbg\muparser\muparserint.obj
c:\surge\digitalglobe\tools\src\muparser\build\msvc2013\obj\vc_shared_dbg\muparser\muparsertest.obj
c:\surge\digitalglobe\tools\src\muparser\build\msvc2013\obj\vc_shared_dbg\muparser\muparser.obj
c:\surge\digitalglobe\tools\src\muparser\build\msvc2013\obj\vc_shared_dbg\muparser\muparsererror.obj
c:\surge\digitalglobe\tools\src\muparser\build\msvc2013\obj\vc_shared_dbg\muparser\muparserdll.obj
c:\surge\digitalglobe\tools\src\muparser\build\msvc2013\obj\vc_shared_dbg\muparser\muparserbase.obj
c:\surge\digitalglobe\tools\src\muparser\lib\muparserd64.pdb
c:\surge\digitalglobe\tools\src\muparser\lib\muparserd32.pdb
c:\surge\digitalglobe\tools\src\muparser\lib\muparserd64.ilk
c:\surge\digitalglobe\tools\src\muparser\lib\muparserd64.dll
c:\surge\digitalglobe\tools\src\muparser\lib\muparserd32.lib
c:\surge\digitalglobe\tools\src\muparser\lib\muparserd32.exp
c:\surge\digitalglobe\tools\src\muparser\lib\muparserd64.lib
c:\surge\digitalglobe\tools\src\muparser\lib\muparserd64.exp
c:\surge\digitalglobe\tools\src\muparser\build\msvc2013\obj\vc_shared_dbg\muparser\muparser.tlog\cl.command.1.tlog
c:\surge\digitalglobe\tools\src\muparser\build\msvc2013\obj\vc_shared_dbg\muparser\muparser.tlog\cl.read.1.tlog
c:\surge\digitalglobe\tools\src\muparser\build\msvc2013\obj\vc_shared_dbg\muparser\muparser.tlog\cl.write.1.tlog
c:\surge\digitalglobe\tools\src\muparser\build\msvc2013\obj\vc_shared_dbg\muparser\muparser.tlog\link.command.1.tlog
c:\surge\digitalglobe\tools\src\muparser\build\msvc2013\obj\vc_shared_dbg\muparser\muparser.tlog\link.read.1.tlog
c:\surge\digitalglobe\tools\src\muparser\build\msvc2013\obj\vc_shared_dbg\muparser\muparser.tlog\link.write.1.tlog
c:\surge\digitalglobe\tools\src\muparser\build\msvc2013\obj\vc_shared_dbg\muparser\muparser.tlog\muparser.write.1u.tlog
