  stdafx.cpp
  kmz_check_links.cc
  http_client.cc
  google_spreadsheets.cc
c:\digitalglobe\libkml\src\kml\convenience\google_spreadsheets.cc(55): warning C4996: 'getenv': This function or variable may be unsafe. Consider using _dupenv_s instead. To disable deprecation, use _CRT_SECURE_NO_WARNINGS. See online help for details.
  c:\program files (x86)\windows kits\10\include\10.0.10240.0\ucrt\stdlib.h(1183): note: see declaration of 'getenv'
  google_picasa_web.cc
c:\digitalglobe\libkml\src\kml\convenience\google_picasa_web.cc(67): warning C4996: 'getenv': This function or variable may be unsafe. Consider using _dupenv_s instead. To disable deprecation, use _CRT_SECURE_NO_WARNINGS. See online help for details.
  c:\program files (x86)\windows kits\10\include\10.0.10240.0\ucrt\stdlib.h(1183): note: see declaration of 'getenv'
  google_maps_data.cc
c:\digitalglobe\libkml\src\kml\convenience\google_maps_data.cc(61): warning C4996: 'getenv': This function or variable may be unsafe. Consider using _dupenv_s instead. To disable deprecation, use _CRT_SECURE_NO_WARNINGS. See online help for details.
  c:\program files (x86)\windows kits\10\include\10.0.10240.0\ucrt\stdlib.h(1183): note: see declaration of 'getenv'
  google_doc_list.cc
c:\digitalglobe\libkml\src\kml\convenience\google_doc_list.cc(65): warning C4996: 'getenv': This function or variable may be unsafe. Consider using _dupenv_s instead. To disable deprecation, use _CRT_SECURE_NO_WARNINGS. See online help for details.
  c:\program files (x86)\windows kits\10\include\10.0.10240.0\ucrt\stdlib.h(1183): note: see declaration of 'getenv'
  feature_list.cc
  csv_parser.cc
  csv_file.cc
  convenience.cc
  atom_util.cc
  Generating Code...
  libkmlconvenience.vcxproj -> C:\DigitalGlobe\LibKml\msvc\Debug\libkmlconvenience_d.lib
