c:\libexpat\source\x64\bin\debug\expat.bsc
c:\libexpat\source\x64\tmp\debug\vc140.pdb
c:\libexpat\source\x64\tmp\debug\xmlparse.sbr
c:\libexpat\source\x64\tmp\debug\xmlparse.obj
c:\libexpat\source\x64\tmp\debug\xmlrole.sbr
c:\libexpat\source\x64\tmp\debug\xmltok.sbr
c:\libexpat\source\x64\tmp\debug\xmltok_impl.sbr
c:\libexpat\source\x64\tmp\debug\xmltok_ns.sbr
c:\libexpat\source\x64\tmp\debug\xmltok_ns.obj
c:\libexpat\source\x64\tmp\debug\xmltok_impl.obj
c:\libexpat\source\x64\tmp\debug\xmltok.obj
c:\libexpat\source\x64\tmp\debug\xmlrole.obj
c:\libexpat\source\x64\bin\debug\libexpat.lib
c:\libexpat\source\x64\bin\debug\libexpat.exp
c:\libexpat\source\x64\bin\debug\libexpat_d.ilk
c:\libexpat\source\x64\bin\debug\libexpat_d.dll
c:\libexpat\source\x64\bin\debug\libexpat_d.pdb
c:\digitalglobetemp\src\expat\source\x64\tmp\debug\xmlparse.obj
c:\digitalglobetemp\src\expat\source\x64\tmp\debug\xmlrole.obj
c:\digitalglobetemp\src\expat\source\x64\tmp\debug\xmltok.obj
c:\digitalglobetemp\src\expat\source\x64\tmp\debug\xmltok_impl.obj
c:\digitalglobetemp\src\expat\source\x64\tmp\debug\xmltok_ns.obj
c:\digitalglobetemp\src\expat\source\x64\tmp\debug\vc140.pdb
c:\digitalglobetemp\src\expat\source\x64\tmp\debug\xmlparse.sbr
c:\digitalglobetemp\src\expat\source\x64\tmp\debug\xmlrole.sbr
c:\digitalglobetemp\src\expat\source\x64\tmp\debug\xmltok.sbr
c:\digitalglobetemp\src\expat\source\x64\tmp\debug\xmltok_impl.sbr
c:\digitalglobetemp\src\expat\source\x64\tmp\debug\xmltok_ns.sbr
c:\digitalglobetemp\src\expat\source\x64\tmp\debug\expat.tlog\bscmake.command.1.tlog
c:\digitalglobetemp\src\expat\source\x64\tmp\debug\expat.tlog\bscmake.read.1.tlog
c:\digitalglobetemp\src\expat\source\x64\tmp\debug\expat.tlog\bscmake.write.1.tlog
c:\digitalglobetemp\src\expat\source\x64\tmp\debug\expat.tlog\cl.command.1.tlog
c:\digitalglobetemp\src\expat\source\x64\tmp\debug\expat.tlog\cl.read.1.tlog
c:\digitalglobetemp\src\expat\source\x64\tmp\debug\expat.tlog\cl.write.1.tlog
c:\digitalglobetemp\src\expat\source\x64\tmp\debug\expat.tlog\expat.write.1u.tlog
c:\digitalglobetemp\src\expat\source\x64\tmp\debug\expat.tlog\link.command.1.tlog
c:\digitalglobetemp\src\expat\source\x64\tmp\debug\expat.tlog\link.read.1.tlog
c:\digitalglobetemp\src\expat\source\x64\tmp\debug\expat.tlog\link.write.1.tlog
