c:\tools\src\aprutil\x64\debug\libaprutil_src.pdb
c:\tools\src\aprutil\x64\debug\getuuid.obj
c:\tools\src\aprutil\x64\debug\crypt_blowfish.obj
c:\tools\src\aprutil\x64\debug\apr_sha1.obj
c:\tools\src\aprutil\x64\debug\apr_passwd.obj
c:\tools\src\aprutil\x64\debug\apr_md5.obj
c:\tools\src\aprutil\x64\debug\apr_md4.obj
c:\tools\src\aprutil\x64\debug\apr_crypto.obj
c:\tools\src\aprutil\x64\debug\apr_buckets_socket.obj
c:\tools\src\aprutil\x64\debug\apr_buckets_simple.obj
c:\tools\src\aprutil\x64\debug\apr_buckets_refcount.obj
c:\tools\src\aprutil\x64\debug\apr_buckets_pool.obj
c:\tools\src\aprutil\x64\debug\apr_buckets_pipe.obj
c:\tools\src\aprutil\x64\debug\apr_buckets_mmap.obj
c:\tools\src\aprutil\x64\debug\apr_buckets_heap.obj
c:\tools\src\aprutil\x64\debug\apr_buckets_flush.obj
c:\tools\src\aprutil\x64\debug\apr_buckets_file.obj
c:\tools\src\aprutil\x64\debug\apr_buckets_eos.obj
c:\tools\src\aprutil\x64\debug\apr_buckets_alloc.obj
c:\tools\src\aprutil\x64\debug\apr_buckets.obj
c:\tools\src\aprutil\x64\debug\apr_brigade.obj
c:\tools\src\aprutil\x64\debug\apu_version.obj
c:\tools\src\aprutil\x64\debug\apu_dso.obj
c:\tools\src\aprutil\x64\debug\apr_thread_pool.obj
c:\tools\src\aprutil\x64\debug\apr_rmm.obj
c:\tools\src\aprutil\x64\debug\apr_reslist.obj
c:\tools\src\aprutil\x64\debug\apr_queue.obj
c:\tools\src\aprutil\x64\debug\apr_date.obj
c:\tools\src\aprutil\x64\debug\apr_memcache.obj
c:\tools\src\aprutil\x64\debug\apr_ldap_url.obj
c:\tools\src\aprutil\x64\debug\apr_ldap_stub.obj
c:\tools\src\aprutil\x64\debug\apr_hooks.obj
c:\tools\src\aprutil\x64\debug\apr_base64.obj
c:\tools\src\aprutil\x64\debug\sdbm_pair.obj
c:\tools\src\aprutil\x64\debug\sdbm_lock.obj
c:\tools\src\aprutil\x64\debug\sdbm_hash.obj
c:\tools\src\aprutil\x64\debug\sdbm.obj
c:\tools\src\aprutil\x64\debug\apr_dbm_sdbm.obj
c:\tools\src\aprutil\x64\debug\apr_dbm.obj
c:\tools\src\aprutil\x64\debug\apr_dbd.obj
c:\tools\src\aprutil\x64\debug\uuid.obj
c:\tools\src\aprutil\x64\debug\apr_xml.obj
c:\tools\src\aprutil\x64\debug\apr_uri.obj
c:\tools\src\aprutil\x64\debug\apr_strmatch.obj
c:\tools\src\aprutil\include\apr_ldap.h
c:\tools\src\aprutil\include\apu_want.h
c:\tools\src\aprutil\include\private\apu_config.h
c:\tools\src\aprutil\include\private\apu_select_dbm.h
c:\tools\src\aprutil\include\apu.h
c:\tools\src\aprutil\x64\debug\libaprutil.tlog\cl.command.1.tlog
c:\tools\src\aprutil\x64\debug\libaprutil.tlog\cl.read.1.tlog
c:\tools\src\aprutil\x64\debug\libaprutil.tlog\cl.write.1.tlog
c:\tools\src\aprutil\x64\debug\libaprutil.tlog\custombuild.command.1.tlog
c:\tools\src\aprutil\x64\debug\libaprutil.tlog\custombuild.read.1.tlog
c:\tools\src\aprutil\x64\debug\libaprutil.tlog\custombuild.write.1.tlog
