  Moc'ing aboutdialog.h...
  Moc'ing columnsdialog.h...
  Moc'ing resultsmodel.h...
  Moc'ing resultsproxymodel.h...
  Moc'ing resultsviewcontroller.h...
  Moc'ing runnermodel.h...
  Moc'ing runnermodelthread.h...
  Moc'ing runnerproxymodel.h...
  Moc'ing runnerviewcontroller.h...
  Moc'ing runnerwindow.h...
  Moc'ing settingsdialog.h...
  Moc'ing statuswidget.h...
  Moc'ing stoppingdialog.h...
  Uic'ing aboutdialog.ui...
  Uic'ing columnsdialog.ui...
  Compiling Qt resource file: .\resources\qxrunner.qrc...
  Uic'ing runnerwindow.ui...
  Uic'ing settingsdialog.ui...
  Uic'ing statuswidget.ui...
  Uic'ing stoppingdialog.ui...
  aboutdialog.cpp
  appsettings.cpp
c:\tools\src\qxrunner\include\qxrunner\runnerwindowclient.h(10): fatal error C1083: Cannot open include file: 'QTreeView': No such file or directory
  columnsdialog.cpp
c:\tools\src\qxrunner\include\qxrunner\runnerwindowclient.h(10): fatal error C1083: Cannot open include file: 'QTreeView': No such file or directory
  qrc_qxrunner.cpp
  proxymodelcommon.cpp
  qxrunner_global.cpp
  resultsmodel.cpp
  resultsproxymodel.cpp
  resultsviewcontroller.cpp
c:\tools\src\qxrunner\include\qxrunner\viewcontrollercommon.h(10): fatal error C1083: Cannot open include file: 'QTreeView': No such file or directory
  runner.cpp
C:\tools\src\qxrunner\include\qxrunner\runnerwindow.h(13): fatal error C1083: Cannot open include file: 'QLabel': No such file or directory
  runneritem.cpp
  runnermodel.cpp
