c:\tools\src\aprutil\ldap\release\apr_ldap-1.lib
c:\tools\src\aprutil\ldap\release\apr_ldap-1.exp
c:\tools\src\aprutil\ldap\release\apr_ldap_src.pdb
c:\tools\src\aprutil\ldap\release\apr_ldap_rebind.obj
c:\tools\src\aprutil\ldap\release\apr_ldap_option.obj
c:\tools\src\aprutil\ldap\release\apr_ldap_init.obj
c:\tools\src\aprutil\ldap\release\apr_ldap_src
c:\tools\src\aprutil\ldap\release\apr_ldap-1.dll
c:\tools\src\aprutil\ldap\release\apr_ldap.pdb
c:\tools\src\aprutil\ldap\release\apr_ldap-1.res
c:\tools\src\aprutil\ldap\release\apr_ldap.tlog\apr_ldap.write.1u.tlog
c:\tools\src\aprutil\ldap\release\apr_ldap.tlog\cl.command.1.tlog
c:\tools\src\aprutil\ldap\release\apr_ldap.tlog\cl.read.1.tlog
c:\tools\src\aprutil\ldap\release\apr_ldap.tlog\cl.write.1.tlog
c:\tools\src\aprutil\ldap\release\apr_ldap.tlog\link.command.1.tlog
c:\tools\src\aprutil\ldap\release\apr_ldap.tlog\link.read.1.tlog
c:\tools\src\aprutil\ldap\release\apr_ldap.tlog\link.write.1.tlog
c:\tools\src\aprutil\ldap\release\apr_ldap.tlog\rc.command.1.tlog
c:\tools\src\aprutil\ldap\release\apr_ldap.tlog\rc.read.1.tlog
c:\tools\src\aprutil\ldap\release\apr_ldap.tlog\rc.write.1.tlog
